The system is: Linux - 5.18.14-1.el8.elrepo.x86_64 - x86_64
Compiling the C compiler identification source file "CMakeCCompilerId.c" succeeded.
Compiler: /var/software/spack/opt/spack/linux-rocky8-zen2/gcc-9.4.0/gcc-9.4.0-454bc6ws37ruxouizhw7fovuysktzozi/bin/gcc 
Build flags: 
Id flags:  

The output was:
0


Compilation of the C compiler identification source "CMakeCCompilerId.c" produced "a.out"

The C compiler identification is GNU, found in "/var/scratch/scorda/pmt/arduino/CMakeFiles/3.22.1/CompilerIdC/a.out"

Compiling the CXX compiler identification source file "CMakeCXXCompilerId.cpp" succeeded.
Compiler: /var/software/spack/opt/spack/linux-rocky8-zen2/gcc-9.4.0/gcc-9.4.0-454bc6ws37ruxouizhw7fovuysktzozi/bin/g++ 
Build flags: 
Id flags:  

The output was:
0


Compilation of the CXX compiler identification source "CMakeCXXCompilerId.cpp" produced "a.out"

The CXX compiler identification is GNU, found in "/var/scratch/scorda/pmt/arduino/CMakeFiles/3.22.1/CompilerIdCXX/a.out"

Detecting C compiler ABI info compiled with the following output:
Change Dir: /var/scratch/scorda/pmt/arduino/CMakeFiles/CMakeTmp

Run Build Command(s):/usr/bin/gmake -f Makefile cmTC_c924e/fast && /usr/bin/gmake  -f CMakeFiles/cmTC_c924e.dir/build.make CMakeFiles/cmTC_c924e.dir/build
gmake[1]: Entering directory '/var/scratch/scorda/pmt/arduino/CMakeFiles/CMakeTmp'
Building C object CMakeFiles/cmTC_c924e.dir/CMakeCCompilerABI.c.o
/var/software/spack/opt/spack/linux-rocky8-zen2/gcc-9.4.0/gcc-9.4.0-454bc6ws37ruxouizhw7fovuysktzozi/bin/gcc   -v -o CMakeFiles/cmTC_c924e.dir/CMakeCCompilerABI.c.o -c /var/software/spack/opt/spack/linux-rocky8-zen2/gcc-9.4.0/cmake-3.22.1-yyww3ww6d2fhdhpespavvbng4e75vpkl/share/cmake-3.22/Modules/CMakeCCompilerABI.c
Reading specs from /var/software/spack/opt/spack/linux-rocky8-zen2/gcc-9.4.0/gcc-9.4.0-454bc6ws37ruxouizhw7fovuysktzozi/lib/gcc/x86_64-pc-linux-gnu/9.4.0/specs
COLLECT_GCC=/var/software/spack/opt/spack/linux-rocky8-zen2/gcc-9.4.0/gcc-9.4.0-454bc6ws37ruxouizhw7fovuysktzozi/bin/gcc
Target: x86_64-pc-linux-gnu
Configured with: /tmp/spack/spack-stage/spack-stage-gcc-9.4.0-454bc6ws37ruxouizhw7fovuysktzozi/spack-src/configure --prefix=/var/software/spack/opt/spack/linux-rocky8-zen2/gcc-9.4.0/gcc-9.4.0-454bc6ws37ruxouizhw7fovuysktzozi --with-pkgversion='Spack GCC' --with-bugurl=https://github.com/spack/spack/issues --disable-multilib --enable-languages=c,c++,fortran --disable-nls --disable-canonical-system-headers --with-system-zlib --enable-bootstrap --with-mpfr-include=/var/software/spack/opt/spack/linux-rocky8-zen2/gcc-9.4.0/mpfr-3.1.6-aa2ufj75jz6bqh2abhuqivlemxkg2voo/include --with-mpfr-lib=/var/software/spack/opt/spack/linux-rocky8-zen2/gcc-9.4.0/mpfr-3.1.6-aa2ufj75jz6bqh2abhuqivlemxkg2voo/lib --with-gmp-include=/var/software/spack/opt/spack/linux-rocky8-zen2/gcc-9.4.0/gmp-6.2.1-2wavijkgkqkys5pjaau7xtq2uoumyhnb/include --with-gmp-lib=/var/software/spack/opt/spack/linux-rocky8-zen2/gcc-9.4.0/gmp-6.2.1-2wavijkgkqkys5pjaau7xtq2uoumyhnb/lib --with-mpc-include=/var/software/spack/opt/spack/linux-rocky8-zen2/gcc-9.4.0/mpc-1.1.0-bnojn4hbxwbdllzgw7qv5ozsmj7r6i5t/include --with-mpc-lib=/var/software/spack/opt/spack/linux-rocky8-zen2/gcc-9.4.0/mpc-1.1.0-bnojn4hbxwbdllzgw7qv5ozsmj7r6i5t/lib --without-isl --with-stage1-ldflags='-Wl,-rpath,/var/software/spack/opt/spack/linux-rocky8-zen2/gcc-9.4.0/gcc-9.4.0-454bc6ws37ruxouizhw7fovuysktzozi/lib -Wl,-rpath,/var/software/spack/opt/spack/linux-rocky8-zen2/gcc-9.4.0/gcc-9.4.0-454bc6ws37ruxouizhw7fovuysktzozi/lib64 -Wl,-rpath,/var/software/spack/opt/spack/linux-rocky8-zen2/gcc-9.4.0/gmp-6.2.1-2wavijkgkqkys5pjaau7xtq2uoumyhnb/lib -Wl,-rpath,/var/software/spack/opt/spack/linux-rocky8-zen2/gcc-9.4.0/mpc-1.1.0-bnojn4hbxwbdllzgw7qv5ozsmj7r6i5t/lib -Wl,-rpath,/var/software/spack/opt/spack/linux-rocky8-zen2/gcc-9.4.0/mpfr-3.1.6-aa2ufj75jz6bqh2abhuqivlemxkg2voo/lib -Wl,-rpath,/var/software/spack/opt/spack/linux-rocky8-zen2/gcc-9.4.0/zlib-1.2.12-3agt6yvzugpup6fbzrv43ew44vhwx4di/lib' --with-boot-ldflags='-Wl,-rpath,/var/software/spack/opt/spack/linux-rocky8-zen2/gcc-9.4.0/gcc-9.4.0-454bc6ws37ruxouizhw7fovuysktzozi/lib -Wl,-rpath,/var/software/spack/opt/spack/linux-rocky8-zen2/gcc-9.4.0/gcc-9.4.0-454bc6ws37ruxouizhw7fovuysktzozi/lib64 -Wl,-rpath,/var/software/spack/opt/spack/linux-rocky8-zen2/gcc-9.4.0/gmp-6.2.1-2wavijkgkqkys5pjaau7xtq2uoumyhnb/lib -Wl,-rpath,/var/software/spack/opt/spack/linux-rocky8-zen2/gcc-9.4.0/mpc-1.1.0-bnojn4hbxwbdllzgw7qv5ozsmj7r6i5t/lib -Wl,-rpath,/var/software/spack/opt/spack/linux-rocky8-zen2/gcc-9.4.0/mpfr-3.1.6-aa2ufj75jz6bqh2abhuqivlemxkg2voo/lib -Wl,-rpath,/var/software/spack/opt/spack/linux-rocky8-zen2/gcc-9.4.0/zlib-1.2.12-3agt6yvzugpup6fbzrv43ew44vhwx4di/lib -static-libstdc++ -static-libgcc'
Thread model: posix
gcc version 9.4.0 (Spack GCC) 
COLLECT_GCC_OPTIONS='-v' '-o' 'CMakeFiles/cmTC_c924e.dir/CMakeCCompilerABI.c.o' '-c' '-mtune=generic' '-march=x86-64'
 /var/software/spack/opt/spack/linux-rocky8-zen2/gcc-9.4.0/gcc-9.4.0-454bc6ws37ruxouizhw7fovuysktzozi/libexec/gcc/x86_64-pc-linux-gnu/9.4.0/cc1 -quiet -v /var/software/spack/opt/spack/linux-rocky8-zen2/gcc-9.4.0/cmake-3.22.1-yyww3ww6d2fhdhpespavvbng4e75vpkl/share/cmake-3.22/Modules/CMakeCCompilerABI.c -quiet -dumpbase CMakeCCompilerABI.c -mtune=generic -march=x86-64 -auxbase-strip CMakeFiles/cmTC_c924e.dir/CMakeCCompilerABI.c.o -version -o /tmp/ccKoaOkE.s
GNU C17 (Spack GCC) version 9.4.0 (x86_64-pc-linux-gnu)
	compiled by GNU C version 9.4.0, GMP version 6.2.1, MPFR version 3.1.6-p2, MPC version 1.1.0, isl version none
GGC heuristics: --param ggc-min-expand=100 --param ggc-min-heapsize=131072
ignoring nonexistent directory "/var/software/spack/opt/spack/linux-rocky8-zen2/gcc-9.4.0/gcc-9.4.0-454bc6ws37ruxouizhw7fovuysktzozi/lib/gcc/x86_64-pc-linux-gnu/9.4.0/../../../../x86_64-pc-linux-gnu/include"
#include "..." search starts here:
#include <...> search starts here:
 /var/software/spack/opt/spack/linux-rocky8-zen2/gcc-9.4.0/gcc-9.4.0-454bc6ws37ruxouizhw7fovuysktzozi/lib/gcc/x86_64-pc-linux-gnu/9.4.0/include
 /usr/local/include
 /var/software/spack/opt/spack/linux-rocky8-zen2/gcc-9.4.0/gcc-9.4.0-454bc6ws37ruxouizhw7fovuysktzozi/include
 /var/software/spack/opt/spack/linux-rocky8-zen2/gcc-9.4.0/gcc-9.4.0-454bc6ws37ruxouizhw7fovuysktzozi/lib/gcc/x86_64-pc-linux-gnu/9.4.0/include-fixed
 /usr/include
End of search list.
GNU C17 (Spack GCC) version 9.4.0 (x86_64-pc-linux-gnu)
	compiled by GNU C version 9.4.0, GMP version 6.2.1, MPFR version 3.1.6-p2, MPC version 1.1.0, isl version none
GGC heuristics: --param ggc-min-expand=100 --param ggc-min-heapsize=131072
Compiler executable checksum: 570ed1bf361aabc90c42e1eef1512824
COLLECT_GCC_OPTIONS='-v' '-o' 'CMakeFiles/cmTC_c924e.dir/CMakeCCompilerABI.c.o' '-c' '-mtune=generic' '-march=x86-64'
 as -v --64 -o CMakeFiles/cmTC_c924e.dir/CMakeCCompilerABI.c.o /tmp/ccKoaOkE.s
GNU assembler version 2.30 (x86_64-redhat-linux) using BFD version version 2.30-113.el8
COMPILER_PATH=/var/software/spack/opt/spack/linux-rocky8-zen2/gcc-9.4.0/gcc-9.4.0-454bc6ws37ruxouizhw7fovuysktzozi/libexec/gcc/x86_64-pc-linux-gnu/9.4.0/:/var/software/spack/opt/spack/linux-rocky8-zen2/gcc-9.4.0/gcc-9.4.0-454bc6ws37ruxouizhw7fovuysktzozi/libexec/gcc/x86_64-pc-linux-gnu/9.4.0/:/var/software/spack/opt/spack/linux-rocky8-zen2/gcc-9.4.0/gcc-9.4.0-454bc6ws37ruxouizhw7fovuysktzozi/libexec/gcc/x86_64-pc-linux-gnu/:/var/software/spack/opt/spack/linux-rocky8-zen2/gcc-9.4.0/gcc-9.4.0-454bc6ws37ruxouizhw7fovuysktzozi/lib/gcc/x86_64-pc-linux-gnu/9.4.0/:/var/software/spack/opt/spack/linux-rocky8-zen2/gcc-9.4.0/gcc-9.4.0-454bc6ws37ruxouizhw7fovuysktzozi/lib/gcc/x86_64-pc-linux-gnu/
LIBRARY_PATH=/var/software/spack/opt/spack/linux-rocky8-zen2/gcc-9.4.0/gcc-9.4.0-454bc6ws37ruxouizhw7fovuysktzozi/lib/gcc/x86_64-pc-linux-gnu/9.4.0/:/var/software/spack/opt/spack/linux-rocky8-zen2/gcc-9.4.0/gcc-9.4.0-454bc6ws37ruxouizhw7fovuysktzozi/lib/gcc/x86_64-pc-linux-gnu/9.4.0/../../../../lib64/:/lib/../lib64/:/usr/lib/../lib64/:/var/software/spack/opt/spack/linux-rocky8-zen2/gcc-9.4.0/gcc-9.4.0-454bc6ws37ruxouizhw7fovuysktzozi/lib/gcc/x86_64-pc-linux-gnu/9.4.0/../../../:/lib/:/usr/lib/
COLLECT_GCC_OPTIONS='-v' '-o' 'CMakeFiles/cmTC_c924e.dir/CMakeCCompilerABI.c.o' '-c' '-mtune=generic' '-march=x86-64'
Linking C executable cmTC_c924e
/var/software/spack/opt/spack/linux-rocky8-zen2/gcc-9.4.0/cmake-3.22.1-yyww3ww6d2fhdhpespavvbng4e75vpkl/bin/cmake -E cmake_link_script CMakeFiles/cmTC_c924e.dir/link.txt --verbose=1
/var/software/spack/opt/spack/linux-rocky8-zen2/gcc-9.4.0/gcc-9.4.0-454bc6ws37ruxouizhw7fovuysktzozi/bin/gcc  -v -rdynamic CMakeFiles/cmTC_c924e.dir/CMakeCCompilerABI.c.o -o cmTC_c924e 
Reading specs from /var/software/spack/opt/spack/linux-rocky8-zen2/gcc-9.4.0/gcc-9.4.0-454bc6ws37ruxouizhw7fovuysktzozi/lib/gcc/x86_64-pc-linux-gnu/9.4.0/specs
COLLECT_GCC=/var/software/spack/opt/spack/linux-rocky8-zen2/gcc-9.4.0/gcc-9.4.0-454bc6ws37ruxouizhw7fovuysktzozi/bin/gcc
COLLECT_LTO_WRAPPER=/var/software/spack/opt/spack/linux-rocky8-zen2/gcc-9.4.0/gcc-9.4.0-454bc6ws37ruxouizhw7fovuysktzozi/libexec/gcc/x86_64-pc-linux-gnu/9.4.0/lto-wrapper
Target: x86_64-pc-linux-gnu
Configured with: /tmp/spack/spack-stage/spack-stage-gcc-9.4.0-454bc6ws37ruxouizhw7fovuysktzozi/spack-src/configure --prefix=/var/software/spack/opt/spack/linux-rocky8-zen2/gcc-9.4.0/gcc-9.4.0-454bc6ws37ruxouizhw7fovuysktzozi --with-pkgversion='Spack GCC' --with-bugurl=https://github.com/spack/spack/issues --disable-multilib --enable-languages=c,c++,fortran --disable-nls --disable-canonical-system-headers --with-system-zlib --enable-bootstrap --with-mpfr-include=/var/software/spack/opt/spack/linux-rocky8-zen2/gcc-9.4.0/mpfr-3.1.6-aa2ufj75jz6bqh2abhuqivlemxkg2voo/include --with-mpfr-lib=/var/software/spack/opt/spack/linux-rocky8-zen2/gcc-9.4.0/mpfr-3.1.6-aa2ufj75jz6bqh2abhuqivlemxkg2voo/lib --with-gmp-include=/var/software/spack/opt/spack/linux-rocky8-zen2/gcc-9.4.0/gmp-6.2.1-2wavijkgkqkys5pjaau7xtq2uoumyhnb/include --with-gmp-lib=/var/software/spack/opt/spack/linux-rocky8-zen2/gcc-9.4.0/gmp-6.2.1-2wavijkgkqkys5pjaau7xtq2uoumyhnb/lib --with-mpc-include=/var/software/spack/opt/spack/linux-rocky8-zen2/gcc-9.4.0/mpc-1.1.0-bnojn4hbxwbdllzgw7qv5ozsmj7r6i5t/include --with-mpc-lib=/var/software/spack/opt/spack/linux-rocky8-zen2/gcc-9.4.0/mpc-1.1.0-bnojn4hbxwbdllzgw7qv5ozsmj7r6i5t/lib --without-isl --with-stage1-ldflags='-Wl,-rpath,/var/software/spack/opt/spack/linux-rocky8-zen2/gcc-9.4.0/gcc-9.4.0-454bc6ws37ruxouizhw7fovuysktzozi/lib -Wl,-rpath,/var/software/spack/opt/spack/linux-rocky8-zen2/gcc-9.4.0/gcc-9.4.0-454bc6ws37ruxouizhw7fovuysktzozi/lib64 -Wl,-rpath,/var/software/spack/opt/spack/linux-rocky8-zen2/gcc-9.4.0/gmp-6.2.1-2wavijkgkqkys5pjaau7xtq2uoumyhnb/lib -Wl,-rpath,/var/software/spack/opt/spack/linux-rocky8-zen2/gcc-9.4.0/mpc-1.1.0-bnojn4hbxwbdllzgw7qv5ozsmj7r6i5t/lib -Wl,-rpath,/var/software/spack/opt/spack/linux-rocky8-zen2/gcc-9.4.0/mpfr-3.1.6-aa2ufj75jz6bqh2abhuqivlemxkg2voo/lib -Wl,-rpath,/var/software/spack/opt/spack/linux-rocky8-zen2/gcc-9.4.0/zlib-1.2.12-3agt6yvzugpup6fbzrv43ew44vhwx4di/lib' --with-boot-ldflags='-Wl,-rpath,/var/software/spack/opt/spack/linux-rocky8-zen2/gcc-9.4.0/gcc-9.4.0-454bc6ws37ruxouizhw7fovuysktzozi/lib -Wl,-rpath,/var/software/spack/opt/spack/linux-rocky8-zen2/gcc-9.4.0/gcc-9.4.0-454bc6ws37ruxouizhw7fovuysktzozi/lib64 -Wl,-rpath,/var/software/spack/opt/spack/linux-rocky8-zen2/gcc-9.4.0/gmp-6.2.1-2wavijkgkqkys5pjaau7xtq2uoumyhnb/lib -Wl,-rpath,/var/software/spack/opt/spack/linux-rocky8-zen2/gcc-9.4.0/mpc-1.1.0-bnojn4hbxwbdllzgw7qv5ozsmj7r6i5t/lib -Wl,-rpath,/var/software/spack/opt/spack/linux-rocky8-zen2/gcc-9.4.0/mpfr-3.1.6-aa2ufj75jz6bqh2abhuqivlemxkg2voo/lib -Wl,-rpath,/var/software/spack/opt/spack/linux-rocky8-zen2/gcc-9.4.0/zlib-1.2.12-3agt6yvzugpup6fbzrv43ew44vhwx4di/lib -static-libstdc++ -static-libgcc'
Thread model: posix
gcc version 9.4.0 (Spack GCC) 
COMPILER_PATH=/var/software/spack/opt/spack/linux-rocky8-zen2/gcc-9.4.0/gcc-9.4.0-454bc6ws37ruxouizhw7fovuysktzozi/libexec/gcc/x86_64-pc-linux-gnu/9.4.0/:/var/software/spack/opt/spack/linux-rocky8-zen2/gcc-9.4.0/gcc-9.4.0-454bc6ws37ruxouizhw7fovuysktzozi/libexec/gcc/x86_64-pc-linux-gnu/9.4.0/:/var/software/spack/opt/spack/linux-rocky8-zen2/gcc-9.4.0/gcc-9.4.0-454bc6ws37ruxouizhw7fovuysktzozi/libexec/gcc/x86_64-pc-linux-gnu/:/var/software/spack/opt/spack/linux-rocky8-zen2/gcc-9.4.0/gcc-9.4.0-454bc6ws37ruxouizhw7fovuysktzozi/lib/gcc/x86_64-pc-linux-gnu/9.4.0/:/var/software/spack/opt/spack/linux-rocky8-zen2/gcc-9.4.0/gcc-9.4.0-454bc6ws37ruxouizhw7fovuysktzozi/lib/gcc/x86_64-pc-linux-gnu/
LIBRARY_PATH=/var/software/spack/opt/spack/linux-rocky8-zen2/gcc-9.4.0/gcc-9.4.0-454bc6ws37ruxouizhw7fovuysktzozi/lib/gcc/x86_64-pc-linux-gnu/9.4.0/:/var/software/spack/opt/spack/linux-rocky8-zen2/gcc-9.4.0/gcc-9.4.0-454bc6ws37ruxouizhw7fovuysktzozi/lib/gcc/x86_64-pc-linux-gnu/9.4.0/../../../../lib64/:/lib/../lib64/:/usr/lib/../lib64/:/var/software/spack/opt/spack/linux-rocky8-zen2/gcc-9.4.0/gcc-9.4.0-454bc6ws37ruxouizhw7fovuysktzozi/lib/gcc/x86_64-pc-linux-gnu/9.4.0/../../../:/lib/:/usr/lib/
COLLECT_GCC_OPTIONS='-v' '-rdynamic' '-o' 'cmTC_c924e' '-mtune=generic' '-march=x86-64'
 /var/software/spack/opt/spack/linux-rocky8-zen2/gcc-9.4.0/gcc-9.4.0-454bc6ws37ruxouizhw7fovuysktzozi/libexec/gcc/x86_64-pc-linux-gnu/9.4.0/collect2 -plugin /var/software/spack/opt/spack/linux-rocky8-zen2/gcc-9.4.0/gcc-9.4.0-454bc6ws37ruxouizhw7fovuysktzozi/libexec/gcc/x86_64-pc-linux-gnu/9.4.0/liblto_plugin.so -plugin-opt=/var/software/spack/opt/spack/linux-rocky8-zen2/gcc-9.4.0/gcc-9.4.0-454bc6ws37ruxouizhw7fovuysktzozi/libexec/gcc/x86_64-pc-linux-gnu/9.4.0/lto-wrapper -plugin-opt=-fresolution=/tmp/ccHOnLGY.res -plugin-opt=-pass-through=-lgcc -plugin-opt=-pass-through=-lgcc_s -plugin-opt=-pass-through=-lc -plugin-opt=-pass-through=-lgcc -plugin-opt=-pass-through=-lgcc_s --eh-frame-hdr -m elf_x86_64 -export-dynamic -dynamic-linker /lib64/ld-linux-x86-64.so.2 -o cmTC_c924e /lib/../lib64/crt1.o /lib/../lib64/crti.o /var/software/spack/opt/spack/linux-rocky8-zen2/gcc-9.4.0/gcc-9.4.0-454bc6ws37ruxouizhw7fovuysktzozi/lib/gcc/x86_64-pc-linux-gnu/9.4.0/crtbegin.o -rpath /var/software/spack/opt/spack/linux-rocky8-zen2/gcc-9.4.0/gcc-9.4.0-454bc6ws37ruxouizhw7fovuysktzozi/lib64 -L/var/software/spack/opt/spack/linux-rocky8-zen2/gcc-9.4.0/gcc-9.4.0-454bc6ws37ruxouizhw7fovuysktzozi/lib/gcc/x86_64-pc-linux-gnu/9.4.0 -L/var/software/spack/opt/spack/linux-rocky8-zen2/gcc-9.4.0/gcc-9.4.0-454bc6ws37ruxouizhw7fovuysktzozi/lib/gcc/x86_64-pc-linux-gnu/9.4.0/../../../../lib64 -L/lib/../lib64 -L/usr/lib/../lib64 -L/var/software/spack/opt/spack/linux-rocky8-zen2/gcc-9.4.0/gcc-9.4.0-454bc6ws37ruxouizhw7fovuysktzozi/lib/gcc/x86_64-pc-linux-gnu/9.4.0/../../.. CMakeFiles/cmTC_c924e.dir/CMakeCCompilerABI.c.o -lgcc --push-state --as-needed -lgcc_s --pop-state -lc -lgcc --push-state --as-needed -lgcc_s --pop-state /var/software/spack/opt/spack/linux-rocky8-zen2/gcc-9.4.0/gcc-9.4.0-454bc6ws37ruxouizhw7fovuysktzozi/lib/gcc/x86_64-pc-linux-gnu/9.4.0/crtend.o /lib/../lib64/crtn.o
COLLECT_GCC_OPTIONS='-v' '-rdynamic' '-o' 'cmTC_c924e' '-mtune=generic' '-march=x86-64'
gmake[1]: Leaving directory '/var/scratch/scorda/pmt/arduino/CMakeFiles/CMakeTmp'



Parsed C implicit include dir info from above output: rv=done
  found start of include info
  found start of implicit include info
    add: [/var/software/spack/opt/spack/linux-rocky8-zen2/gcc-9.4.0/gcc-9.4.0-454bc6ws37ruxouizhw7fovuysktzozi/lib/gcc/x86_64-pc-linux-gnu/9.4.0/include]
    add: [/usr/local/include]
    add: [/var/software/spack/opt/spack/linux-rocky8-zen2/gcc-9.4.0/gcc-9.4.0-454bc6ws37ruxouizhw7fovuysktzozi/include]
    add: [/var/software/spack/opt/spack/linux-rocky8-zen2/gcc-9.4.0/gcc-9.4.0-454bc6ws37ruxouizhw7fovuysktzozi/lib/gcc/x86_64-pc-linux-gnu/9.4.0/include-fixed]
    add: [/usr/include]
  end of search list found
  collapse include dir [/var/software/spack/opt/spack/linux-rocky8-zen2/gcc-9.4.0/gcc-9.4.0-454bc6ws37ruxouizhw7fovuysktzozi/lib/gcc/x86_64-pc-linux-gnu/9.4.0/include] ==> [/var/software/spack/opt/spack/linux-rocky8-zen2/gcc-9.4.0/gcc-9.4.0-454bc6ws37ruxouizhw7fovuysktzozi/lib/gcc/x86_64-pc-linux-gnu/9.4.0/include]
  collapse include dir [/usr/local/include] ==> [/usr/local/include]
  collapse include dir [/var/software/spack/opt/spack/linux-rocky8-zen2/gcc-9.4.0/gcc-9.4.0-454bc6ws37ruxouizhw7fovuysktzozi/include] ==> [/var/software/spack/opt/spack/linux-rocky8-zen2/gcc-9.4.0/gcc-9.4.0-454bc6ws37ruxouizhw7fovuysktzozi/include]
  collapse include dir [/var/software/spack/opt/spack/linux-rocky8-zen2/gcc-9.4.0/gcc-9.4.0-454bc6ws37ruxouizhw7fovuysktzozi/lib/gcc/x86_64-pc-linux-gnu/9.4.0/include-fixed] ==> [/var/software/spack/opt/spack/linux-rocky8-zen2/gcc-9.4.0/gcc-9.4.0-454bc6ws37ruxouizhw7fovuysktzozi/lib/gcc/x86_64-pc-linux-gnu/9.4.0/include-fixed]
  collapse include dir [/usr/include] ==> [/usr/include]
  implicit include dirs: [/var/software/spack/opt/spack/linux-rocky8-zen2/gcc-9.4.0/gcc-9.4.0-454bc6ws37ruxouizhw7fovuysktzozi/lib/gcc/x86_64-pc-linux-gnu/9.4.0/include;/usr/local/include;/var/software/spack/opt/spack/linux-rocky8-zen2/gcc-9.4.0/gcc-9.4.0-454bc6ws37ruxouizhw7fovuysktzozi/include;/var/software/spack/opt/spack/linux-rocky8-zen2/gcc-9.4.0/gcc-9.4.0-454bc6ws37ruxouizhw7fovuysktzozi/lib/gcc/x86_64-pc-linux-gnu/9.4.0/include-fixed;/usr/include]


Parsed C implicit link information from above output:
  link line regex: [^( *|.*[/\])(ld|CMAKE_LINK_STARTFILE-NOTFOUND|([^/\]+-)?ld|collect2)[^/\]*( |$)]
  ignore line: [Change Dir: /var/scratch/scorda/pmt/arduino/CMakeFiles/CMakeTmp]
  ignore line: []
  ignore line: [Run Build Command(s):/usr/bin/gmake -f Makefile cmTC_c924e/fast && /usr/bin/gmake  -f CMakeFiles/cmTC_c924e.dir/build.make CMakeFiles/cmTC_c924e.dir/build]
  ignore line: [gmake[1]: Entering directory '/var/scratch/scorda/pmt/arduino/CMakeFiles/CMakeTmp']
  ignore line: [Building C object CMakeFiles/cmTC_c924e.dir/CMakeCCompilerABI.c.o]
  ignore line: [/var/software/spack/opt/spack/linux-rocky8-zen2/gcc-9.4.0/gcc-9.4.0-454bc6ws37ruxouizhw7fovuysktzozi/bin/gcc   -v -o CMakeFiles/cmTC_c924e.dir/CMakeCCompilerABI.c.o -c /var/software/spack/opt/spack/linux-rocky8-zen2/gcc-9.4.0/cmake-3.22.1-yyww3ww6d2fhdhpespavvbng4e75vpkl/share/cmake-3.22/Modules/CMakeCCompilerABI.c]
  ignore line: [Reading specs from /var/software/spack/opt/spack/linux-rocky8-zen2/gcc-9.4.0/gcc-9.4.0-454bc6ws37ruxouizhw7fovuysktzozi/lib/gcc/x86_64-pc-linux-gnu/9.4.0/specs]
  ignore line: [COLLECT_GCC=/var/software/spack/opt/spack/linux-rocky8-zen2/gcc-9.4.0/gcc-9.4.0-454bc6ws37ruxouizhw7fovuysktzozi/bin/gcc]
  ignore line: [Target: x86_64-pc-linux-gnu]
  ignore line: [Configured with: /tmp/spack/spack-stage/spack-stage-gcc-9.4.0-454bc6ws37ruxouizhw7fovuysktzozi/spack-src/configure --prefix=/var/software/spack/opt/spack/linux-rocky8-zen2/gcc-9.4.0/gcc-9.4.0-454bc6ws37ruxouizhw7fovuysktzozi --with-pkgversion='Spack GCC' --with-bugurl=https://github.com/spack/spack/issues --disable-multilib --enable-languages=c c++ fortran --disable-nls --disable-canonical-system-headers --with-system-zlib --enable-bootstrap --with-mpfr-include=/var/software/spack/opt/spack/linux-rocky8-zen2/gcc-9.4.0/mpfr-3.1.6-aa2ufj75jz6bqh2abhuqivlemxkg2voo/include --with-mpfr-lib=/var/software/spack/opt/spack/linux-rocky8-zen2/gcc-9.4.0/mpfr-3.1.6-aa2ufj75jz6bqh2abhuqivlemxkg2voo/lib --with-gmp-include=/var/software/spack/opt/spack/linux-rocky8-zen2/gcc-9.4.0/gmp-6.2.1-2wavijkgkqkys5pjaau7xtq2uoumyhnb/include --with-gmp-lib=/var/software/spack/opt/spack/linux-rocky8-zen2/gcc-9.4.0/gmp-6.2.1-2wavijkgkqkys5pjaau7xtq2uoumyhnb/lib --with-mpc-include=/var/software/spack/opt/spack/linux-rocky8-zen2/gcc-9.4.0/mpc-1.1.0-bnojn4hbxwbdllzgw7qv5ozsmj7r6i5t/include --with-mpc-lib=/var/software/spack/opt/spack/linux-rocky8-zen2/gcc-9.4.0/mpc-1.1.0-bnojn4hbxwbdllzgw7qv5ozsmj7r6i5t/lib --without-isl --with-stage1-ldflags='-Wl -rpath /var/software/spack/opt/spack/linux-rocky8-zen2/gcc-9.4.0/gcc-9.4.0-454bc6ws37ruxouizhw7fovuysktzozi/lib -Wl -rpath /var/software/spack/opt/spack/linux-rocky8-zen2/gcc-9.4.0/gcc-9.4.0-454bc6ws37ruxouizhw7fovuysktzozi/lib64 -Wl -rpath /var/software/spack/opt/spack/linux-rocky8-zen2/gcc-9.4.0/gmp-6.2.1-2wavijkgkqkys5pjaau7xtq2uoumyhnb/lib -Wl -rpath /var/software/spack/opt/spack/linux-rocky8-zen2/gcc-9.4.0/mpc-1.1.0-bnojn4hbxwbdllzgw7qv5ozsmj7r6i5t/lib -Wl -rpath /var/software/spack/opt/spack/linux-rocky8-zen2/gcc-9.4.0/mpfr-3.1.6-aa2ufj75jz6bqh2abhuqivlemxkg2voo/lib -Wl -rpath /var/software/spack/opt/spack/linux-rocky8-zen2/gcc-9.4.0/zlib-1.2.12-3agt6yvzugpup6fbzrv43ew44vhwx4di/lib' --with-boot-ldflags='-Wl -rpath /var/software/spack/opt/spack/linux-rocky8-zen2/gcc-9.4.0/gcc-9.4.0-454bc6ws37ruxouizhw7fovuysktzozi/lib -Wl -rpath /var/software/spack/opt/spack/linux-rocky8-zen2/gcc-9.4.0/gcc-9.4.0-454bc6ws37ruxouizhw7fovuysktzozi/lib64 -Wl -rpath /var/software/spack/opt/spack/linux-rocky8-zen2/gcc-9.4.0/gmp-6.2.1-2wavijkgkqkys5pjaau7xtq2uoumyhnb/lib -Wl -rpath /var/software/spack/opt/spack/linux-rocky8-zen2/gcc-9.4.0/mpc-1.1.0-bnojn4hbxwbdllzgw7qv5ozsmj7r6i5t/lib -Wl -rpath /var/software/spack/opt/spack/linux-rocky8-zen2/gcc-9.4.0/mpfr-3.1.6-aa2ufj75jz6bqh2abhuqivlemxkg2voo/lib -Wl -rpath /var/software/spack/opt/spack/linux-rocky8-zen2/gcc-9.4.0/zlib-1.2.12-3agt6yvzugpup6fbzrv43ew44vhwx4di/lib -static-libstdc++ -static-libgcc']
  ignore line: [Thread model: posix]
  ignore line: [gcc version 9.4.0 (Spack GCC) ]
  ignore line: [COLLECT_GCC_OPTIONS='-v' '-o' 'CMakeFiles/cmTC_c924e.dir/CMakeCCompilerABI.c.o' '-c' '-mtune=generic' '-march=x86-64']
  ignore line: [ /var/software/spack/opt/spack/linux-rocky8-zen2/gcc-9.4.0/gcc-9.4.0-454bc6ws37ruxouizhw7fovuysktzozi/libexec/gcc/x86_64-pc-linux-gnu/9.4.0/cc1 -quiet -v /var/software/spack/opt/spack/linux-rocky8-zen2/gcc-9.4.0/cmake-3.22.1-yyww3ww6d2fhdhpespavvbng4e75vpkl/share/cmake-3.22/Modules/CMakeCCompilerABI.c -quiet -dumpbase CMakeCCompilerABI.c -mtune=generic -march=x86-64 -auxbase-strip CMakeFiles/cmTC_c924e.dir/CMakeCCompilerABI.c.o -version -o /tmp/ccKoaOkE.s]
  ignore line: [GNU C17 (Spack GCC) version 9.4.0 (x86_64-pc-linux-gnu)]
  ignore line: [	compiled by GNU C version 9.4.0  GMP version 6.2.1  MPFR version 3.1.6-p2  MPC version 1.1.0  isl version none]
  ignore line: [GGC heuristics: --param ggc-min-expand=100 --param ggc-min-heapsize=131072]
  ignore line: [ignoring nonexistent directory "/var/software/spack/opt/spack/linux-rocky8-zen2/gcc-9.4.0/gcc-9.4.0-454bc6ws37ruxouizhw7fovuysktzozi/lib/gcc/x86_64-pc-linux-gnu/9.4.0/../../../../x86_64-pc-linux-gnu/include"]
  ignore line: [#include "..." search starts here:]
  ignore line: [#include <...> search starts here:]
  ignore line: [ /var/software/spack/opt/spack/linux-rocky8-zen2/gcc-9.4.0/gcc-9.4.0-454bc6ws37ruxouizhw7fovuysktzozi/lib/gcc/x86_64-pc-linux-gnu/9.4.0/include]
  ignore line: [ /usr/local/include]
  ignore line: [ /var/software/spack/opt/spack/linux-rocky8-zen2/gcc-9.4.0/gcc-9.4.0-454bc6ws37ruxouizhw7fovuysktzozi/include]
  ignore line: [ /var/software/spack/opt/spack/linux-rocky8-zen2/gcc-9.4.0/gcc-9.4.0-454bc6ws37ruxouizhw7fovuysktzozi/lib/gcc/x86_64-pc-linux-gnu/9.4.0/include-fixed]
  ignore line: [ /usr/include]
  ignore line: [End of search list.]
  ignore line: [GNU C17 (Spack GCC) version 9.4.0 (x86_64-pc-linux-gnu)]
  ignore line: [	compiled by GNU C version 9.4.0  GMP version 6.2.1  MPFR version 3.1.6-p2  MPC version 1.1.0  isl version none]
  ignore line: [GGC heuristics: --param ggc-min-expand=100 --param ggc-min-heapsize=131072]
  ignore line: [Compiler executable checksum: 570ed1bf361aabc90c42e1eef1512824]
  ignore line: [COLLECT_GCC_OPTIONS='-v' '-o' 'CMakeFiles/cmTC_c924e.dir/CMakeCCompilerABI.c.o' '-c' '-mtune=generic' '-march=x86-64']
  ignore line: [ as -v --64 -o CMakeFiles/cmTC_c924e.dir/CMakeCCompilerABI.c.o /tmp/ccKoaOkE.s]
  ignore line: [GNU assembler version 2.30 (x86_64-redhat-linux) using BFD version version 2.30-113.el8]
  ignore line: [COMPILER_PATH=/var/software/spack/opt/spack/linux-rocky8-zen2/gcc-9.4.0/gcc-9.4.0-454bc6ws37ruxouizhw7fovuysktzozi/libexec/gcc/x86_64-pc-linux-gnu/9.4.0/:/var/software/spack/opt/spack/linux-rocky8-zen2/gcc-9.4.0/gcc-9.4.0-454bc6ws37ruxouizhw7fovuysktzozi/libexec/gcc/x86_64-pc-linux-gnu/9.4.0/:/var/software/spack/opt/spack/linux-rocky8-zen2/gcc-9.4.0/gcc-9.4.0-454bc6ws37ruxouizhw7fovuysktzozi/libexec/gcc/x86_64-pc-linux-gnu/:/var/software/spack/opt/spack/linux-rocky8-zen2/gcc-9.4.0/gcc-9.4.0-454bc6ws37ruxouizhw7fovuysktzozi/lib/gcc/x86_64-pc-linux-gnu/9.4.0/:/var/software/spack/opt/spack/linux-rocky8-zen2/gcc-9.4.0/gcc-9.4.0-454bc6ws37ruxouizhw7fovuysktzozi/lib/gcc/x86_64-pc-linux-gnu/]
  ignore line: [LIBRARY_PATH=/var/software/spack/opt/spack/linux-rocky8-zen2/gcc-9.4.0/gcc-9.4.0-454bc6ws37ruxouizhw7fovuysktzozi/lib/gcc/x86_64-pc-linux-gnu/9.4.0/:/var/software/spack/opt/spack/linux-rocky8-zen2/gcc-9.4.0/gcc-9.4.0-454bc6ws37ruxouizhw7fovuysktzozi/lib/gcc/x86_64-pc-linux-gnu/9.4.0/../../../../lib64/:/lib/../lib64/:/usr/lib/../lib64/:/var/software/spack/opt/spack/linux-rocky8-zen2/gcc-9.4.0/gcc-9.4.0-454bc6ws37ruxouizhw7fovuysktzozi/lib/gcc/x86_64-pc-linux-gnu/9.4.0/../../../:/lib/:/usr/lib/]
  ignore line: [COLLECT_GCC_OPTIONS='-v' '-o' 'CMakeFiles/cmTC_c924e.dir/CMakeCCompilerABI.c.o' '-c' '-mtune=generic' '-march=x86-64']
  ignore line: [Linking C executable cmTC_c924e]
  ignore line: [/var/software/spack/opt/spack/linux-rocky8-zen2/gcc-9.4.0/cmake-3.22.1-yyww3ww6d2fhdhpespavvbng4e75vpkl/bin/cmake -E cmake_link_script CMakeFiles/cmTC_c924e.dir/link.txt --verbose=1]
  ignore line: [/var/software/spack/opt/spack/linux-rocky8-zen2/gcc-9.4.0/gcc-9.4.0-454bc6ws37ruxouizhw7fovuysktzozi/bin/gcc  -v -rdynamic CMakeFiles/cmTC_c924e.dir/CMakeCCompilerABI.c.o -o cmTC_c924e ]
  ignore line: [Reading specs from /var/software/spack/opt/spack/linux-rocky8-zen2/gcc-9.4.0/gcc-9.4.0-454bc6ws37ruxouizhw7fovuysktzozi/lib/gcc/x86_64-pc-linux-gnu/9.4.0/specs]
  ignore line: [COLLECT_GCC=/var/software/spack/opt/spack/linux-rocky8-zen2/gcc-9.4.0/gcc-9.4.0-454bc6ws37ruxouizhw7fovuysktzozi/bin/gcc]
  ignore line: [COLLECT_LTO_WRAPPER=/var/software/spack/opt/spack/linux-rocky8-zen2/gcc-9.4.0/gcc-9.4.0-454bc6ws37ruxouizhw7fovuysktzozi/libexec/gcc/x86_64-pc-linux-gnu/9.4.0/lto-wrapper]
  ignore line: [Target: x86_64-pc-linux-gnu]
  ignore line: [Configured with: /tmp/spack/spack-stage/spack-stage-gcc-9.4.0-454bc6ws37ruxouizhw7fovuysktzozi/spack-src/configure --prefix=/var/software/spack/opt/spack/linux-rocky8-zen2/gcc-9.4.0/gcc-9.4.0-454bc6ws37ruxouizhw7fovuysktzozi --with-pkgversion='Spack GCC' --with-bugurl=https://github.com/spack/spack/issues --disable-multilib --enable-languages=c c++ fortran --disable-nls --disable-canonical-system-headers --with-system-zlib --enable-bootstrap --with-mpfr-include=/var/software/spack/opt/spack/linux-rocky8-zen2/gcc-9.4.0/mpfr-3.1.6-aa2ufj75jz6bqh2abhuqivlemxkg2voo/include --with-mpfr-lib=/var/software/spack/opt/spack/linux-rocky8-zen2/gcc-9.4.0/mpfr-3.1.6-aa2ufj75jz6bqh2abhuqivlemxkg2voo/lib --with-gmp-include=/var/software/spack/opt/spack/linux-rocky8-zen2/gcc-9.4.0/gmp-6.2.1-2wavijkgkqkys5pjaau7xtq2uoumyhnb/include --with-gmp-lib=/var/software/spack/opt/spack/linux-rocky8-zen2/gcc-9.4.0/gmp-6.2.1-2wavijkgkqkys5pjaau7xtq2uoumyhnb/lib --with-mpc-include=/var/software/spack/opt/spack/linux-rocky8-zen2/gcc-9.4.0/mpc-1.1.0-bnojn4hbxwbdllzgw7qv5ozsmj7r6i5t/include --with-mpc-lib=/var/software/spack/opt/spack/linux-rocky8-zen2/gcc-9.4.0/mpc-1.1.0-bnojn4hbxwbdllzgw7qv5ozsmj7r6i5t/lib --without-isl --with-stage1-ldflags='-Wl -rpath /var/software/spack/opt/spack/linux-rocky8-zen2/gcc-9.4.0/gcc-9.4.0-454bc6ws37ruxouizhw7fovuysktzozi/lib -Wl -rpath /var/software/spack/opt/spack/linux-rocky8-zen2/gcc-9.4.0/gcc-9.4.0-454bc6ws37ruxouizhw7fovuysktzozi/lib64 -Wl -rpath /var/software/spack/opt/spack/linux-rocky8-zen2/gcc-9.4.0/gmp-6.2.1-2wavijkgkqkys5pjaau7xtq2uoumyhnb/lib -Wl -rpath /var/software/spack/opt/spack/linux-rocky8-zen2/gcc-9.4.0/mpc-1.1.0-bnojn4hbxwbdllzgw7qv5ozsmj7r6i5t/lib -Wl -rpath /var/software/spack/opt/spack/linux-rocky8-zen2/gcc-9.4.0/mpfr-3.1.6-aa2ufj75jz6bqh2abhuqivlemxkg2voo/lib -Wl -rpath /var/software/spack/opt/spack/linux-rocky8-zen2/gcc-9.4.0/zlib-1.2.12-3agt6yvzugpup6fbzrv43ew44vhwx4di/lib' --with-boot-ldflags='-Wl -rpath /var/software/spack/opt/spack/linux-rocky8-zen2/gcc-9.4.0/gcc-9.4.0-454bc6ws37ruxouizhw7fovuysktzozi/lib -Wl -rpath /var/software/spack/opt/spack/linux-rocky8-zen2/gcc-9.4.0/gcc-9.4.0-454bc6ws37ruxouizhw7fovuysktzozi/lib64 -Wl -rpath /var/software/spack/opt/spack/linux-rocky8-zen2/gcc-9.4.0/gmp-6.2.1-2wavijkgkqkys5pjaau7xtq2uoumyhnb/lib -Wl -rpath /var/software/spack/opt/spack/linux-rocky8-zen2/gcc-9.4.0/mpc-1.1.0-bnojn4hbxwbdllzgw7qv5ozsmj7r6i5t/lib -Wl -rpath /var/software/spack/opt/spack/linux-rocky8-zen2/gcc-9.4.0/mpfr-3.1.6-aa2ufj75jz6bqh2abhuqivlemxkg2voo/lib -Wl -rpath /var/software/spack/opt/spack/linux-rocky8-zen2/gcc-9.4.0/zlib-1.2.12-3agt6yvzugpup6fbzrv43ew44vhwx4di/lib -static-libstdc++ -static-libgcc']
  ignore line: [Thread model: posix]
  ignore line: [gcc version 9.4.0 (Spack GCC) ]
  ignore line: [COMPILER_PATH=/var/software/spack/opt/spack/linux-rocky8-zen2/gcc-9.4.0/gcc-9.4.0-454bc6ws37ruxouizhw7fovuysktzozi/libexec/gcc/x86_64-pc-linux-gnu/9.4.0/:/var/software/spack/opt/spack/linux-rocky8-zen2/gcc-9.4.0/gcc-9.4.0-454bc6ws37ruxouizhw7fovuysktzozi/libexec/gcc/x86_64-pc-linux-gnu/9.4.0/:/var/software/spack/opt/spack/linux-rocky8-zen2/gcc-9.4.0/gcc-9.4.0-454bc6ws37ruxouizhw7fovuysktzozi/libexec/gcc/x86_64-pc-linux-gnu/:/var/software/spack/opt/spack/linux-rocky8-zen2/gcc-9.4.0/gcc-9.4.0-454bc6ws37ruxouizhw7fovuysktzozi/lib/gcc/x86_64-pc-linux-gnu/9.4.0/:/var/software/spack/opt/spack/linux-rocky8-zen2/gcc-9.4.0/gcc-9.4.0-454bc6ws37ruxouizhw7fovuysktzozi/lib/gcc/x86_64-pc-linux-gnu/]
  ignore line: [LIBRARY_PATH=/var/software/spack/opt/spack/linux-rocky8-zen2/gcc-9.4.0/gcc-9.4.0-454bc6ws37ruxouizhw7fovuysktzozi/lib/gcc/x86_64-pc-linux-gnu/9.4.0/:/var/software/spack/opt/spack/linux-rocky8-zen2/gcc-9.4.0/gcc-9.4.0-454bc6ws37ruxouizhw7fovuysktzozi/lib/gcc/x86_64-pc-linux-gnu/9.4.0/../../../../lib64/:/lib/../lib64/:/usr/lib/../lib64/:/var/software/spack/opt/spack/linux-rocky8-zen2/gcc-9.4.0/gcc-9.4.0-454bc6ws37ruxouizhw7fovuysktzozi/lib/gcc/x86_64-pc-linux-gnu/9.4.0/../../../:/lib/:/usr/lib/]
  ignore line: [COLLECT_GCC_OPTIONS='-v' '-rdynamic' '-o' 'cmTC_c924e' '-mtune=generic' '-march=x86-64']
  link line: [ /var/software/spack/opt/spack/linux-rocky8-zen2/gcc-9.4.0/gcc-9.4.0-454bc6ws37ruxouizhw7fovuysktzozi/libexec/gcc/x86_64-pc-linux-gnu/9.4.0/collect2 -plugin /var/software/spack/opt/spack/linux-rocky8-zen2/gcc-9.4.0/gcc-9.4.0-454bc6ws37ruxouizhw7fovuysktzozi/libexec/gcc/x86_64-pc-linux-gnu/9.4.0/liblto_plugin.so -plugin-opt=/var/software/spack/opt/spack/linux-rocky8-zen2/gcc-9.4.0/gcc-9.4.0-454bc6ws37ruxouizhw7fovuysktzozi/libexec/gcc/x86_64-pc-linux-gnu/9.4.0/lto-wrapper -plugin-opt=-fresolution=/tmp/ccHOnLGY.res -plugin-opt=-pass-through=-lgcc -plugin-opt=-pass-through=-lgcc_s -plugin-opt=-pass-through=-lc -plugin-opt=-pass-through=-lgcc -plugin-opt=-pass-through=-lgcc_s --eh-frame-hdr -m elf_x86_64 -export-dynamic -dynamic-linker /lib64/ld-linux-x86-64.so.2 -o cmTC_c924e /lib/../lib64/crt1.o /lib/../lib64/crti.o /var/software/spack/opt/spack/linux-rocky8-zen2/gcc-9.4.0/gcc-9.4.0-454bc6ws37ruxouizhw7fovuysktzozi/lib/gcc/x86_64-pc-linux-gnu/9.4.0/crtbegin.o -rpath /var/software/spack/opt/spack/linux-rocky8-zen2/gcc-9.4.0/gcc-9.4.0-454bc6ws37ruxouizhw7fovuysktzozi/lib64 -L/var/software/spack/opt/spack/linux-rocky8-zen2/gcc-9.4.0/gcc-9.4.0-454bc6ws37ruxouizhw7fovuysktzozi/lib/gcc/x86_64-pc-linux-gnu/9.4.0 -L/var/software/spack/opt/spack/linux-rocky8-zen2/gcc-9.4.0/gcc-9.4.0-454bc6ws37ruxouizhw7fovuysktzozi/lib/gcc/x86_64-pc-linux-gnu/9.4.0/../../../../lib64 -L/lib/../lib64 -L/usr/lib/../lib64 -L/var/software/spack/opt/spack/linux-rocky8-zen2/gcc-9.4.0/gcc-9.4.0-454bc6ws37ruxouizhw7fovuysktzozi/lib/gcc/x86_64-pc-linux-gnu/9.4.0/../../.. CMakeFiles/cmTC_c924e.dir/CMakeCCompilerABI.c.o -lgcc --push-state --as-needed -lgcc_s --pop-state -lc -lgcc --push-state --as-needed -lgcc_s --pop-state /var/software/spack/opt/spack/linux-rocky8-zen2/gcc-9.4.0/gcc-9.4.0-454bc6ws37ruxouizhw7fovuysktzozi/lib/gcc/x86_64-pc-linux-gnu/9.4.0/crtend.o /lib/../lib64/crtn.o]
    arg [/var/software/spack/opt/spack/linux-rocky8-zen2/gcc-9.4.0/gcc-9.4.0-454bc6ws37ruxouizhw7fovuysktzozi/libexec/gcc/x86_64-pc-linux-gnu/9.4.0/collect2] ==> ignore
    arg [-plugin] ==> ignore
    arg [/var/software/spack/opt/spack/linux-rocky8-zen2/gcc-9.4.0/gcc-9.4.0-454bc6ws37ruxouizhw7fovuysktzozi/libexec/gcc/x86_64-pc-linux-gnu/9.4.0/liblto_plugin.so] ==> ignore
    arg [-plugin-opt=/var/software/spack/opt/spack/linux-rocky8-zen2/gcc-9.4.0/gcc-9.4.0-454bc6ws37ruxouizhw7fovuysktzozi/libexec/gcc/x86_64-pc-linux-gnu/9.4.0/lto-wrapper] ==> ignore
    arg [-plugin-opt=-fresolution=/tmp/ccHOnLGY.res] ==> ignore
    arg [-plugin-opt=-pass-through=-lgcc] ==> ignore
    arg [-plugin-opt=-pass-through=-lgcc_s] ==> ignore
    arg [-plugin-opt=-pass-through=-lc] ==> ignore
    arg [-plugin-opt=-pass-through=-lgcc] ==> ignore
    arg [-plugin-opt=-pass-through=-lgcc_s] ==> ignore
    arg [--eh-frame-hdr] ==> ignore
    arg [-m] ==> ignore
    arg [elf_x86_64] ==> ignore
    arg [-export-dynamic] ==> ignore
    arg [-dynamic-linker] ==> ignore
    arg [/lib64/ld-linux-x86-64.so.2] ==> ignore
    arg [-o] ==> ignore
    arg [cmTC_c924e] ==> ignore
    arg [/lib/../lib64/crt1.o] ==> obj [/lib/../lib64/crt1.o]
    arg [/lib/../lib64/crti.o] ==> obj [/lib/../lib64/crti.o]
    arg [/var/software/spack/opt/spack/linux-rocky8-zen2/gcc-9.4.0/gcc-9.4.0-454bc6ws37ruxouizhw7fovuysktzozi/lib/gcc/x86_64-pc-linux-gnu/9.4.0/crtbegin.o] ==> obj [/var/software/spack/opt/spack/linux-rocky8-zen2/gcc-9.4.0/gcc-9.4.0-454bc6ws37ruxouizhw7fovuysktzozi/lib/gcc/x86_64-pc-linux-gnu/9.4.0/crtbegin.o]
    arg [-rpath] ==> ignore
    arg [/var/software/spack/opt/spack/linux-rocky8-zen2/gcc-9.4.0/gcc-9.4.0-454bc6ws37ruxouizhw7fovuysktzozi/lib64] ==> ignore
    arg [-L/var/software/spack/opt/spack/linux-rocky8-zen2/gcc-9.4.0/gcc-9.4.0-454bc6ws37ruxouizhw7fovuysktzozi/lib/gcc/x86_64-pc-linux-gnu/9.4.0] ==> dir [/var/software/spack/opt/spack/linux-rocky8-zen2/gcc-9.4.0/gcc-9.4.0-454bc6ws37ruxouizhw7fovuysktzozi/lib/gcc/x86_64-pc-linux-gnu/9.4.0]
    arg [-L/var/software/spack/opt/spack/linux-rocky8-zen2/gcc-9.4.0/gcc-9.4.0-454bc6ws37ruxouizhw7fovuysktzozi/lib/gcc/x86_64-pc-linux-gnu/9.4.0/../../../../lib64] ==> dir [/var/software/spack/opt/spack/linux-rocky8-zen2/gcc-9.4.0/gcc-9.4.0-454bc6ws37ruxouizhw7fovuysktzozi/lib/gcc/x86_64-pc-linux-gnu/9.4.0/../../../../lib64]
    arg [-L/lib/../lib64] ==> dir [/lib/../lib64]
    arg [-L/usr/lib/../lib64] ==> dir [/usr/lib/../lib64]
    arg [-L/var/software/spack/opt/spack/linux-rocky8-zen2/gcc-9.4.0/gcc-9.4.0-454bc6ws37ruxouizhw7fovuysktzozi/lib/gcc/x86_64-pc-linux-gnu/9.4.0/../../..] ==> dir [/var/software/spack/opt/spack/linux-rocky8-zen2/gcc-9.4.0/gcc-9.4.0-454bc6ws37ruxouizhw7fovuysktzozi/lib/gcc/x86_64-pc-linux-gnu/9.4.0/../../..]
    arg [CMakeFiles/cmTC_c924e.dir/CMakeCCompilerABI.c.o] ==> ignore
    arg [-lgcc] ==> lib [gcc]
    arg [--push-state] ==> ignore
    arg [--as-needed] ==> ignore
    arg [-lgcc_s] ==> lib [gcc_s]
    arg [--pop-state] ==> ignore
    arg [-lc] ==> lib [c]
    arg [-lgcc] ==> lib [gcc]
    arg [--push-state] ==> ignore
    arg [--as-needed] ==> ignore
    arg [-lgcc_s] ==> lib [gcc_s]
    arg [--pop-state] ==> ignore
    arg [/var/software/spack/opt/spack/linux-rocky8-zen2/gcc-9.4.0/gcc-9.4.0-454bc6ws37ruxouizhw7fovuysktzozi/lib/gcc/x86_64-pc-linux-gnu/9.4.0/crtend.o] ==> obj [/var/software/spack/opt/spack/linux-rocky8-zen2/gcc-9.4.0/gcc-9.4.0-454bc6ws37ruxouizhw7fovuysktzozi/lib/gcc/x86_64-pc-linux-gnu/9.4.0/crtend.o]
    arg [/lib/../lib64/crtn.o] ==> obj [/lib/../lib64/crtn.o]
  collapse obj [/lib/../lib64/crt1.o] ==> [/lib64/crt1.o]
  collapse obj [/lib/../lib64/crti.o] ==> [/lib64/crti.o]
  collapse obj [/lib/../lib64/crtn.o] ==> [/lib64/crtn.o]
  collapse library dir [/var/software/spack/opt/spack/linux-rocky8-zen2/gcc-9.4.0/gcc-9.4.0-454bc6ws37ruxouizhw7fovuysktzozi/lib/gcc/x86_64-pc-linux-gnu/9.4.0] ==> [/var/software/spack/opt/spack/linux-rocky8-zen2/gcc-9.4.0/gcc-9.4.0-454bc6ws37ruxouizhw7fovuysktzozi/lib/gcc/x86_64-pc-linux-gnu/9.4.0]
  collapse library dir [/var/software/spack/opt/spack/linux-rocky8-zen2/gcc-9.4.0/gcc-9.4.0-454bc6ws37ruxouizhw7fovuysktzozi/lib/gcc/x86_64-pc-linux-gnu/9.4.0/../../../../lib64] ==> [/var/software/spack/opt/spack/linux-rocky8-zen2/gcc-9.4.0/gcc-9.4.0-454bc6ws37ruxouizhw7fovuysktzozi/lib64]
  collapse library dir [/lib/../lib64] ==> [/lib64]
  collapse library dir [/usr/lib/../lib64] ==> [/usr/lib64]
  collapse library dir [/var/software/spack/opt/spack/linux-rocky8-zen2/gcc-9.4.0/gcc-9.4.0-454bc6ws37ruxouizhw7fovuysktzozi/lib/gcc/x86_64-pc-linux-gnu/9.4.0/../../..] ==> [/var/software/spack/opt/spack/linux-rocky8-zen2/gcc-9.4.0/gcc-9.4.0-454bc6ws37ruxouizhw7fovuysktzozi/lib]
  implicit libs: [gcc;gcc_s;c;gcc;gcc_s]
  implicit objs: [/lib64/crt1.o;/lib64/crti.o;/var/software/spack/opt/spack/linux-rocky8-zen2/gcc-9.4.0/gcc-9.4.0-454bc6ws37ruxouizhw7fovuysktzozi/lib/gcc/x86_64-pc-linux-gnu/9.4.0/crtbegin.o;/var/software/spack/opt/spack/linux-rocky8-zen2/gcc-9.4.0/gcc-9.4.0-454bc6ws37ruxouizhw7fovuysktzozi/lib/gcc/x86_64-pc-linux-gnu/9.4.0/crtend.o;/lib64/crtn.o]
  implicit dirs: [/var/software/spack/opt/spack/linux-rocky8-zen2/gcc-9.4.0/gcc-9.4.0-454bc6ws37ruxouizhw7fovuysktzozi/lib/gcc/x86_64-pc-linux-gnu/9.4.0;/var/software/spack/opt/spack/linux-rocky8-zen2/gcc-9.4.0/gcc-9.4.0-454bc6ws37ruxouizhw7fovuysktzozi/lib64;/lib64;/usr/lib64;/var/software/spack/opt/spack/linux-rocky8-zen2/gcc-9.4.0/gcc-9.4.0-454bc6ws37ruxouizhw7fovuysktzozi/lib]
  implicit fwks: []


Detecting CXX compiler ABI info compiled with the following output:
Change Dir: /var/scratch/scorda/pmt/arduino/CMakeFiles/CMakeTmp

Run Build Command(s):/usr/bin/gmake -f Makefile cmTC_55c62/fast && /usr/bin/gmake  -f CMakeFiles/cmTC_55c62.dir/build.make CMakeFiles/cmTC_55c62.dir/build
gmake[1]: Entering directory '/var/scratch/scorda/pmt/arduino/CMakeFiles/CMakeTmp'
Building CXX object CMakeFiles/cmTC_55c62.dir/CMakeCXXCompilerABI.cpp.o
/var/software/spack/opt/spack/linux-rocky8-zen2/gcc-9.4.0/gcc-9.4.0-454bc6ws37ruxouizhw7fovuysktzozi/bin/g++   -v -o CMakeFiles/cmTC_55c62.dir/CMakeCXXCompilerABI.cpp.o -c /var/software/spack/opt/spack/linux-rocky8-zen2/gcc-9.4.0/cmake-3.22.1-yyww3ww6d2fhdhpespavvbng4e75vpkl/share/cmake-3.22/Modules/CMakeCXXCompilerABI.cpp
Reading specs from /var/software/spack/opt/spack/linux-rocky8-zen2/gcc-9.4.0/gcc-9.4.0-454bc6ws37ruxouizhw7fovuysktzozi/lib/gcc/x86_64-pc-linux-gnu/9.4.0/specs
COLLECT_GCC=/var/software/spack/opt/spack/linux-rocky8-zen2/gcc-9.4.0/gcc-9.4.0-454bc6ws37ruxouizhw7fovuysktzozi/bin/g++
Target: x86_64-pc-linux-gnu
Configured with: /tmp/spack/spack-stage/spack-stage-gcc-9.4.0-454bc6ws37ruxouizhw7fovuysktzozi/spack-src/configure --prefix=/var/software/spack/opt/spack/linux-rocky8-zen2/gcc-9.4.0/gcc-9.4.0-454bc6ws37ruxouizhw7fovuysktzozi --with-pkgversion='Spack GCC' --with-bugurl=https://github.com/spack/spack/issues --disable-multilib --enable-languages=c,c++,fortran --disable-nls --disable-canonical-system-headers --with-system-zlib --enable-bootstrap --with-mpfr-include=/var/software/spack/opt/spack/linux-rocky8-zen2/gcc-9.4.0/mpfr-3.1.6-aa2ufj75jz6bqh2abhuqivlemxkg2voo/include --with-mpfr-lib=/var/software/spack/opt/spack/linux-rocky8-zen2/gcc-9.4.0/mpfr-3.1.6-aa2ufj75jz6bqh2abhuqivlemxkg2voo/lib --with-gmp-include=/var/software/spack/opt/spack/linux-rocky8-zen2/gcc-9.4.0/gmp-6.2.1-2wavijkgkqkys5pjaau7xtq2uoumyhnb/include --with-gmp-lib=/var/software/spack/opt/spack/linux-rocky8-zen2/gcc-9.4.0/gmp-6.2.1-2wavijkgkqkys5pjaau7xtq2uoumyhnb/lib --with-mpc-include=/var/software/spack/opt/spack/linux-rocky8-zen2/gcc-9.4.0/mpc-1.1.0-bnojn4hbxwbdllzgw7qv5ozsmj7r6i5t/include --with-mpc-lib=/var/software/spack/opt/spack/linux-rocky8-zen2/gcc-9.4.0/mpc-1.1.0-bnojn4hbxwbdllzgw7qv5ozsmj7r6i5t/lib --without-isl --with-stage1-ldflags='-Wl,-rpath,/var/software/spack/opt/spack/linux-rocky8-zen2/gcc-9.4.0/gcc-9.4.0-454bc6ws37ruxouizhw7fovuysktzozi/lib -Wl,-rpath,/var/software/spack/opt/spack/linux-rocky8-zen2/gcc-9.4.0/gcc-9.4.0-454bc6ws37ruxouizhw7fovuysktzozi/lib64 -Wl,-rpath,/var/software/spack/opt/spack/linux-rocky8-zen2/gcc-9.4.0/gmp-6.2.1-2wavijkgkqkys5pjaau7xtq2uoumyhnb/lib -Wl,-rpath,/var/software/spack/opt/spack/linux-rocky8-zen2/gcc-9.4.0/mpc-1.1.0-bnojn4hbxwbdllzgw7qv5ozsmj7r6i5t/lib -Wl,-rpath,/var/software/spack/opt/spack/linux-rocky8-zen2/gcc-9.4.0/mpfr-3.1.6-aa2ufj75jz6bqh2abhuqivlemxkg2voo/lib -Wl,-rpath,/var/software/spack/opt/spack/linux-rocky8-zen2/gcc-9.4.0/zlib-1.2.12-3agt6yvzugpup6fbzrv43ew44vhwx4di/lib' --with-boot-ldflags='-Wl,-rpath,/var/software/spack/opt/spack/linux-rocky8-zen2/gcc-9.4.0/gcc-9.4.0-454bc6ws37ruxouizhw7fovuysktzozi/lib -Wl,-rpath,/var/software/spack/opt/spack/linux-rocky8-zen2/gcc-9.4.0/gcc-9.4.0-454bc6ws37ruxouizhw7fovuysktzozi/lib64 -Wl,-rpath,/var/software/spack/opt/spack/linux-rocky8-zen2/gcc-9.4.0/gmp-6.2.1-2wavijkgkqkys5pjaau7xtq2uoumyhnb/lib -Wl,-rpath,/var/software/spack/opt/spack/linux-rocky8-zen2/gcc-9.4.0/mpc-1.1.0-bnojn4hbxwbdllzgw7qv5ozsmj7r6i5t/lib -Wl,-rpath,/var/software/spack/opt/spack/linux-rocky8-zen2/gcc-9.4.0/mpfr-3.1.6-aa2ufj75jz6bqh2abhuqivlemxkg2voo/lib -Wl,-rpath,/var/software/spack/opt/spack/linux-rocky8-zen2/gcc-9.4.0/zlib-1.2.12-3agt6yvzugpup6fbzrv43ew44vhwx4di/lib -static-libstdc++ -static-libgcc'
Thread model: posix
gcc version 9.4.0 (Spack GCC) 
COLLECT_GCC_OPTIONS='-v' '-o' 'CMakeFiles/cmTC_55c62.dir/CMakeCXXCompilerABI.cpp.o' '-c' '-shared-libgcc' '-mtune=generic' '-march=x86-64'
 /var/software/spack/opt/spack/linux-rocky8-zen2/gcc-9.4.0/gcc-9.4.0-454bc6ws37ruxouizhw7fovuysktzozi/libexec/gcc/x86_64-pc-linux-gnu/9.4.0/cc1plus -quiet -v -D_GNU_SOURCE /var/software/spack/opt/spack/linux-rocky8-zen2/gcc-9.4.0/cmake-3.22.1-yyww3ww6d2fhdhpespavvbng4e75vpkl/share/cmake-3.22/Modules/CMakeCXXCompilerABI.cpp -quiet -dumpbase CMakeCXXCompilerABI.cpp -mtune=generic -march=x86-64 -auxbase-strip CMakeFiles/cmTC_55c62.dir/CMakeCXXCompilerABI.cpp.o -version -o /tmp/ccyXv6iM.s
GNU C++14 (Spack GCC) version 9.4.0 (x86_64-pc-linux-gnu)
	compiled by GNU C version 9.4.0, GMP version 6.2.1, MPFR version 3.1.6-p2, MPC version 1.1.0, isl version none
GGC heuristics: --param ggc-min-expand=100 --param ggc-min-heapsize=131072
ignoring nonexistent directory "/var/software/spack/opt/spack/linux-rocky8-zen2/gcc-9.4.0/gcc-9.4.0-454bc6ws37ruxouizhw7fovuysktzozi/lib/gcc/x86_64-pc-linux-gnu/9.4.0/../../../../x86_64-pc-linux-gnu/include"
#include "..." search starts here:
#include <...> search starts here:
 /var/software/spack/opt/spack/linux-rocky8-zen2/gcc-9.4.0/gcc-9.4.0-454bc6ws37ruxouizhw7fovuysktzozi/lib/gcc/x86_64-pc-linux-gnu/9.4.0/../../../../include/c++/9.4.0
 /var/software/spack/opt/spack/linux-rocky8-zen2/gcc-9.4.0/gcc-9.4.0-454bc6ws37ruxouizhw7fovuysktzozi/lib/gcc/x86_64-pc-linux-gnu/9.4.0/../../../../include/c++/9.4.0/x86_64-pc-linux-gnu
 /var/software/spack/opt/spack/linux-rocky8-zen2/gcc-9.4.0/gcc-9.4.0-454bc6ws37ruxouizhw7fovuysktzozi/lib/gcc/x86_64-pc-linux-gnu/9.4.0/../../../../include/c++/9.4.0/backward
 /var/software/spack/opt/spack/linux-rocky8-zen2/gcc-9.4.0/gcc-9.4.0-454bc6ws37ruxouizhw7fovuysktzozi/lib/gcc/x86_64-pc-linux-gnu/9.4.0/include
 /usr/local/include
 /var/software/spack/opt/spack/linux-rocky8-zen2/gcc-9.4.0/gcc-9.4.0-454bc6ws37ruxouizhw7fovuysktzozi/include
 /var/software/spack/opt/spack/linux-rocky8-zen2/gcc-9.4.0/gcc-9.4.0-454bc6ws37ruxouizhw7fovuysktzozi/lib/gcc/x86_64-pc-linux-gnu/9.4.0/include-fixed
 /usr/include
End of search list.
GNU C++14 (Spack GCC) version 9.4.0 (x86_64-pc-linux-gnu)
	compiled by GNU C version 9.4.0, GMP version 6.2.1, MPFR version 3.1.6-p2, MPC version 1.1.0, isl version none
GGC heuristics: --param ggc-min-expand=100 --param ggc-min-heapsize=131072
Compiler executable checksum: ab46812f9d33c3a0f7fb67e1487ac64a
COLLECT_GCC_OPTIONS='-v' '-o' 'CMakeFiles/cmTC_55c62.dir/CMakeCXXCompilerABI.cpp.o' '-c' '-shared-libgcc' '-mtune=generic' '-march=x86-64'
 as -v --64 -o CMakeFiles/cmTC_55c62.dir/CMakeCXXCompilerABI.cpp.o /tmp/ccyXv6iM.s
GNU assembler version 2.30 (x86_64-redhat-linux) using BFD version version 2.30-113.el8
COMPILER_PATH=/var/software/spack/opt/spack/linux-rocky8-zen2/gcc-9.4.0/gcc-9.4.0-454bc6ws37ruxouizhw7fovuysktzozi/libexec/gcc/x86_64-pc-linux-gnu/9.4.0/:/var/software/spack/opt/spack/linux-rocky8-zen2/gcc-9.4.0/gcc-9.4.0-454bc6ws37ruxouizhw7fovuysktzozi/libexec/gcc/x86_64-pc-linux-gnu/9.4.0/:/var/software/spack/opt/spack/linux-rocky8-zen2/gcc-9.4.0/gcc-9.4.0-454bc6ws37ruxouizhw7fovuysktzozi/libexec/gcc/x86_64-pc-linux-gnu/:/var/software/spack/opt/spack/linux-rocky8-zen2/gcc-9.4.0/gcc-9.4.0-454bc6ws37ruxouizhw7fovuysktzozi/lib/gcc/x86_64-pc-linux-gnu/9.4.0/:/var/software/spack/opt/spack/linux-rocky8-zen2/gcc-9.4.0/gcc-9.4.0-454bc6ws37ruxouizhw7fovuysktzozi/lib/gcc/x86_64-pc-linux-gnu/
LIBRARY_PATH=/var/software/spack/opt/spack/linux-rocky8-zen2/gcc-9.4.0/gcc-9.4.0-454bc6ws37ruxouizhw7fovuysktzozi/lib/gcc/x86_64-pc-linux-gnu/9.4.0/:/var/software/spack/opt/spack/linux-rocky8-zen2/gcc-9.4.0/gcc-9.4.0-454bc6ws37ruxouizhw7fovuysktzozi/lib/gcc/x86_64-pc-linux-gnu/9.4.0/../../../../lib64/:/lib/../lib64/:/usr/lib/../lib64/:/var/software/spack/opt/spack/linux-rocky8-zen2/gcc-9.4.0/gcc-9.4.0-454bc6ws37ruxouizhw7fovuysktzozi/lib/gcc/x86_64-pc-linux-gnu/9.4.0/../../../:/lib/:/usr/lib/
COLLECT_GCC_OPTIONS='-v' '-o' 'CMakeFiles/cmTC_55c62.dir/CMakeCXXCompilerABI.cpp.o' '-c' '-shared-libgcc' '-mtune=generic' '-march=x86-64'
Linking CXX executable cmTC_55c62
/var/software/spack/opt/spack/linux-rocky8-zen2/gcc-9.4.0/cmake-3.22.1-yyww3ww6d2fhdhpespavvbng4e75vpkl/bin/cmake -E cmake_link_script CMakeFiles/cmTC_55c62.dir/link.txt --verbose=1
/var/software/spack/opt/spack/linux-rocky8-zen2/gcc-9.4.0/gcc-9.4.0-454bc6ws37ruxouizhw7fovuysktzozi/bin/g++  -v -rdynamic CMakeFiles/cmTC_55c62.dir/CMakeCXXCompilerABI.cpp.o -o cmTC_55c62 
Reading specs from /var/software/spack/opt/spack/linux-rocky8-zen2/gcc-9.4.0/gcc-9.4.0-454bc6ws37ruxouizhw7fovuysktzozi/lib/gcc/x86_64-pc-linux-gnu/9.4.0/specs
COLLECT_GCC=/var/software/spack/opt/spack/linux-rocky8-zen2/gcc-9.4.0/gcc-9.4.0-454bc6ws37ruxouizhw7fovuysktzozi/bin/g++
COLLECT_LTO_WRAPPER=/var/software/spack/opt/spack/linux-rocky8-zen2/gcc-9.4.0/gcc-9.4.0-454bc6ws37ruxouizhw7fovuysktzozi/libexec/gcc/x86_64-pc-linux-gnu/9.4.0/lto-wrapper
Target: x86_64-pc-linux-gnu
Configured with: /tmp/spack/spack-stage/spack-stage-gcc-9.4.0-454bc6ws37ruxouizhw7fovuysktzozi/spack-src/configure --prefix=/var/software/spack/opt/spack/linux-rocky8-zen2/gcc-9.4.0/gcc-9.4.0-454bc6ws37ruxouizhw7fovuysktzozi --with-pkgversion='Spack GCC' --with-bugurl=https://github.com/spack/spack/issues --disable-multilib --enable-languages=c,c++,fortran --disable-nls --disable-canonical-system-headers --with-system-zlib --enable-bootstrap --with-mpfr-include=/var/software/spack/opt/spack/linux-rocky8-zen2/gcc-9.4.0/mpfr-3.1.6-aa2ufj75jz6bqh2abhuqivlemxkg2voo/include --with-mpfr-lib=/var/software/spack/opt/spack/linux-rocky8-zen2/gcc-9.4.0/mpfr-3.1.6-aa2ufj75jz6bqh2abhuqivlemxkg2voo/lib --with-gmp-include=/var/software/spack/opt/spack/linux-rocky8-zen2/gcc-9.4.0/gmp-6.2.1-2wavijkgkqkys5pjaau7xtq2uoumyhnb/include --with-gmp-lib=/var/software/spack/opt/spack/linux-rocky8-zen2/gcc-9.4.0/gmp-6.2.1-2wavijkgkqkys5pjaau7xtq2uoumyhnb/lib --with-mpc-include=/var/software/spack/opt/spack/linux-rocky8-zen2/gcc-9.4.0/mpc-1.1.0-bnojn4hbxwbdllzgw7qv5ozsmj7r6i5t/include --with-mpc-lib=/var/software/spack/opt/spack/linux-rocky8-zen2/gcc-9.4.0/mpc-1.1.0-bnojn4hbxwbdllzgw7qv5ozsmj7r6i5t/lib --without-isl --with-stage1-ldflags='-Wl,-rpath,/var/software/spack/opt/spack/linux-rocky8-zen2/gcc-9.4.0/gcc-9.4.0-454bc6ws37ruxouizhw7fovuysktzozi/lib -Wl,-rpath,/var/software/spack/opt/spack/linux-rocky8-zen2/gcc-9.4.0/gcc-9.4.0-454bc6ws37ruxouizhw7fovuysktzozi/lib64 -Wl,-rpath,/var/software/spack/opt/spack/linux-rocky8-zen2/gcc-9.4.0/gmp-6.2.1-2wavijkgkqkys5pjaau7xtq2uoumyhnb/lib -Wl,-rpath,/var/software/spack/opt/spack/linux-rocky8-zen2/gcc-9.4.0/mpc-1.1.0-bnojn4hbxwbdllzgw7qv5ozsmj7r6i5t/lib -Wl,-rpath,/var/software/spack/opt/spack/linux-rocky8-zen2/gcc-9.4.0/mpfr-3.1.6-aa2ufj75jz6bqh2abhuqivlemxkg2voo/lib -Wl,-rpath,/var/software/spack/opt/spack/linux-rocky8-zen2/gcc-9.4.0/zlib-1.2.12-3agt6yvzugpup6fbzrv43ew44vhwx4di/lib' --with-boot-ldflags='-Wl,-rpath,/var/software/spack/opt/spack/linux-rocky8-zen2/gcc-9.4.0/gcc-9.4.0-454bc6ws37ruxouizhw7fovuysktzozi/lib -Wl,-rpath,/var/software/spack/opt/spack/linux-rocky8-zen2/gcc-9.4.0/gcc-9.4.0-454bc6ws37ruxouizhw7fovuysktzozi/lib64 -Wl,-rpath,/var/software/spack/opt/spack/linux-rocky8-zen2/gcc-9.4.0/gmp-6.2.1-2wavijkgkqkys5pjaau7xtq2uoumyhnb/lib -Wl,-rpath,/var/software/spack/opt/spack/linux-rocky8-zen2/gcc-9.4.0/mpc-1.1.0-bnojn4hbxwbdllzgw7qv5ozsmj7r6i5t/lib -Wl,-rpath,/var/software/spack/opt/spack/linux-rocky8-zen2/gcc-9.4.0/mpfr-3.1.6-aa2ufj75jz6bqh2abhuqivlemxkg2voo/lib -Wl,-rpath,/var/software/spack/opt/spack/linux-rocky8-zen2/gcc-9.4.0/zlib-1.2.12-3agt6yvzugpup6fbzrv43ew44vhwx4di/lib -static-libstdc++ -static-libgcc'
Thread model: posix
gcc version 9.4.0 (Spack GCC) 
COMPILER_PATH=/var/software/spack/opt/spack/linux-rocky8-zen2/gcc-9.4.0/gcc-9.4.0-454bc6ws37ruxouizhw7fovuysktzozi/libexec/gcc/x86_64-pc-linux-gnu/9.4.0/:/var/software/spack/opt/spack/linux-rocky8-zen2/gcc-9.4.0/gcc-9.4.0-454bc6ws37ruxouizhw7fovuysktzozi/libexec/gcc/x86_64-pc-linux-gnu/9.4.0/:/var/software/spack/opt/spack/linux-rocky8-zen2/gcc-9.4.0/gcc-9.4.0-454bc6ws37ruxouizhw7fovuysktzozi/libexec/gcc/x86_64-pc-linux-gnu/:/var/software/spack/opt/spack/linux-rocky8-zen2/gcc-9.4.0/gcc-9.4.0-454bc6ws37ruxouizhw7fovuysktzozi/lib/gcc/x86_64-pc-linux-gnu/9.4.0/:/var/software/spack/opt/spack/linux-rocky8-zen2/gcc-9.4.0/gcc-9.4.0-454bc6ws37ruxouizhw7fovuysktzozi/lib/gcc/x86_64-pc-linux-gnu/
LIBRARY_PATH=/var/software/spack/opt/spack/linux-rocky8-zen2/gcc-9.4.0/gcc-9.4.0-454bc6ws37ruxouizhw7fovuysktzozi/lib/gcc/x86_64-pc-linux-gnu/9.4.0/:/var/software/spack/opt/spack/linux-rocky8-zen2/gcc-9.4.0/gcc-9.4.0-454bc6ws37ruxouizhw7fovuysktzozi/lib/gcc/x86_64-pc-linux-gnu/9.4.0/../../../../lib64/:/lib/../lib64/:/usr/lib/../lib64/:/var/software/spack/opt/spack/linux-rocky8-zen2/gcc-9.4.0/gcc-9.4.0-454bc6ws37ruxouizhw7fovuysktzozi/lib/gcc/x86_64-pc-linux-gnu/9.4.0/../../../:/lib/:/usr/lib/
COLLECT_GCC_OPTIONS='-v' '-rdynamic' '-o' 'cmTC_55c62' '-shared-libgcc' '-mtune=generic' '-march=x86-64'
 /var/software/spack/opt/spack/linux-rocky8-zen2/gcc-9.4.0/gcc-9.4.0-454bc6ws37ruxouizhw7fovuysktzozi/libexec/gcc/x86_64-pc-linux-gnu/9.4.0/collect2 -plugin /var/software/spack/opt/spack/linux-rocky8-zen2/gcc-9.4.0/gcc-9.4.0-454bc6ws37ruxouizhw7fovuysktzozi/libexec/gcc/x86_64-pc-linux-gnu/9.4.0/liblto_plugin.so -plugin-opt=/var/software/spack/opt/spack/linux-rocky8-zen2/gcc-9.4.0/gcc-9.4.0-454bc6ws37ruxouizhw7fovuysktzozi/libexec/gcc/x86_64-pc-linux-gnu/9.4.0/lto-wrapper -plugin-opt=-fresolution=/tmp/ccPTmM4s.res -plugin-opt=-pass-through=-lgcc_s -plugin-opt=-pass-through=-lgcc -plugin-opt=-pass-through=-lc -plugin-opt=-pass-through=-lgcc_s -plugin-opt=-pass-through=-lgcc --eh-frame-hdr -m elf_x86_64 -export-dynamic -dynamic-linker /lib64/ld-linux-x86-64.so.2 -o cmTC_55c62 /lib/../lib64/crt1.o /lib/../lib64/crti.o /var/software/spack/opt/spack/linux-rocky8-zen2/gcc-9.4.0/gcc-9.4.0-454bc6ws37ruxouizhw7fovuysktzozi/lib/gcc/x86_64-pc-linux-gnu/9.4.0/crtbegin.o -rpath /var/software/spack/opt/spack/linux-rocky8-zen2/gcc-9.4.0/gcc-9.4.0-454bc6ws37ruxouizhw7fovuysktzozi/lib64 -L/var/software/spack/opt/spack/linux-rocky8-zen2/gcc-9.4.0/gcc-9.4.0-454bc6ws37ruxouizhw7fovuysktzozi/lib/gcc/x86_64-pc-linux-gnu/9.4.0 -L/var/software/spack/opt/spack/linux-rocky8-zen2/gcc-9.4.0/gcc-9.4.0-454bc6ws37ruxouizhw7fovuysktzozi/lib/gcc/x86_64-pc-linux-gnu/9.4.0/../../../../lib64 -L/lib/../lib64 -L/usr/lib/../lib64 -L/var/software/spack/opt/spack/linux-rocky8-zen2/gcc-9.4.0/gcc-9.4.0-454bc6ws37ruxouizhw7fovuysktzozi/lib/gcc/x86_64-pc-linux-gnu/9.4.0/../../.. CMakeFiles/cmTC_55c62.dir/CMakeCXXCompilerABI.cpp.o -lstdc++ -lm -lgcc_s -lgcc -lc -lgcc_s -lgcc /var/software/spack/opt/spack/linux-rocky8-zen2/gcc-9.4.0/gcc-9.4.0-454bc6ws37ruxouizhw7fovuysktzozi/lib/gcc/x86_64-pc-linux-gnu/9.4.0/crtend.o /lib/../lib64/crtn.o
COLLECT_GCC_OPTIONS='-v' '-rdynamic' '-o' 'cmTC_55c62' '-shared-libgcc' '-mtune=generic' '-march=x86-64'
gmake[1]: Leaving directory '/var/scratch/scorda/pmt/arduino/CMakeFiles/CMakeTmp'



Parsed CXX implicit include dir info from above output: rv=done
  found start of include info
  found start of implicit include info
    add: [/var/software/spack/opt/spack/linux-rocky8-zen2/gcc-9.4.0/gcc-9.4.0-454bc6ws37ruxouizhw7fovuysktzozi/lib/gcc/x86_64-pc-linux-gnu/9.4.0/../../../../include/c++/9.4.0]
    add: [/var/software/spack/opt/spack/linux-rocky8-zen2/gcc-9.4.0/gcc-9.4.0-454bc6ws37ruxouizhw7fovuysktzozi/lib/gcc/x86_64-pc-linux-gnu/9.4.0/../../../../include/c++/9.4.0/x86_64-pc-linux-gnu]
    add: [/var/software/spack/opt/spack/linux-rocky8-zen2/gcc-9.4.0/gcc-9.4.0-454bc6ws37ruxouizhw7fovuysktzozi/lib/gcc/x86_64-pc-linux-gnu/9.4.0/../../../../include/c++/9.4.0/backward]
    add: [/var/software/spack/opt/spack/linux-rocky8-zen2/gcc-9.4.0/gcc-9.4.0-454bc6ws37ruxouizhw7fovuysktzozi/lib/gcc/x86_64-pc-linux-gnu/9.4.0/include]
    add: [/usr/local/include]
    add: [/var/software/spack/opt/spack/linux-rocky8-zen2/gcc-9.4.0/gcc-9.4.0-454bc6ws37ruxouizhw7fovuysktzozi/include]
    add: [/var/software/spack/opt/spack/linux-rocky8-zen2/gcc-9.4.0/gcc-9.4.0-454bc6ws37ruxouizhw7fovuysktzozi/lib/gcc/x86_64-pc-linux-gnu/9.4.0/include-fixed]
    add: [/usr/include]
  end of search list found
  collapse include dir [/var/software/spack/opt/spack/linux-rocky8-zen2/gcc-9.4.0/gcc-9.4.0-454bc6ws37ruxouizhw7fovuysktzozi/lib/gcc/x86_64-pc-linux-gnu/9.4.0/../../../../include/c++/9.4.0] ==> [/var/software/spack/opt/spack/linux-rocky8-zen2/gcc-9.4.0/gcc-9.4.0-454bc6ws37ruxouizhw7fovuysktzozi/include/c++/9.4.0]
  collapse include dir [/var/software/spack/opt/spack/linux-rocky8-zen2/gcc-9.4.0/gcc-9.4.0-454bc6ws37ruxouizhw7fovuysktzozi/lib/gcc/x86_64-pc-linux-gnu/9.4.0/../../../../include/c++/9.4.0/x86_64-pc-linux-gnu] ==> [/var/software/spack/opt/spack/linux-rocky8-zen2/gcc-9.4.0/gcc-9.4.0-454bc6ws37ruxouizhw7fovuysktzozi/include/c++/9.4.0/x86_64-pc-linux-gnu]
  collapse include dir [/var/software/spack/opt/spack/linux-rocky8-zen2/gcc-9.4.0/gcc-9.4.0-454bc6ws37ruxouizhw7fovuysktzozi/lib/gcc/x86_64-pc-linux-gnu/9.4.0/../../../../include/c++/9.4.0/backward] ==> [/var/software/spack/opt/spack/linux-rocky8-zen2/gcc-9.4.0/gcc-9.4.0-454bc6ws37ruxouizhw7fovuysktzozi/include/c++/9.4.0/backward]
  collapse include dir [/var/software/spack/opt/spack/linux-rocky8-zen2/gcc-9.4.0/gcc-9.4.0-454bc6ws37ruxouizhw7fovuysktzozi/lib/gcc/x86_64-pc-linux-gnu/9.4.0/include] ==> [/var/software/spack/opt/spack/linux-rocky8-zen2/gcc-9.4.0/gcc-9.4.0-454bc6ws37ruxouizhw7fovuysktzozi/lib/gcc/x86_64-pc-linux-gnu/9.4.0/include]
  collapse include dir [/usr/local/include] ==> [/usr/local/include]
  collapse include dir [/var/software/spack/opt/spack/linux-rocky8-zen2/gcc-9.4.0/gcc-9.4.0-454bc6ws37ruxouizhw7fovuysktzozi/include] ==> [/var/software/spack/opt/spack/linux-rocky8-zen2/gcc-9.4.0/gcc-9.4.0-454bc6ws37ruxouizhw7fovuysktzozi/include]
  collapse include dir [/var/software/spack/opt/spack/linux-rocky8-zen2/gcc-9.4.0/gcc-9.4.0-454bc6ws37ruxouizhw7fovuysktzozi/lib/gcc/x86_64-pc-linux-gnu/9.4.0/include-fixed] ==> [/var/software/spack/opt/spack/linux-rocky8-zen2/gcc-9.4.0/gcc-9.4.0-454bc6ws37ruxouizhw7fovuysktzozi/lib/gcc/x86_64-pc-linux-gnu/9.4.0/include-fixed]
  collapse include dir [/usr/include] ==> [/usr/include]
  implicit include dirs: [/var/software/spack/opt/spack/linux-rocky8-zen2/gcc-9.4.0/gcc-9.4.0-454bc6ws37ruxouizhw7fovuysktzozi/include/c++/9.4.0;/var/software/spack/opt/spack/linux-rocky8-zen2/gcc-9.4.0/gcc-9.4.0-454bc6ws37ruxouizhw7fovuysktzozi/include/c++/9.4.0/x86_64-pc-linux-gnu;/var/software/spack/opt/spack/linux-rocky8-zen2/gcc-9.4.0/gcc-9.4.0-454bc6ws37ruxouizhw7fovuysktzozi/include/c++/9.4.0/backward;/var/software/spack/opt/spack/linux-rocky8-zen2/gcc-9.4.0/gcc-9.4.0-454bc6ws37ruxouizhw7fovuysktzozi/lib/gcc/x86_64-pc-linux-gnu/9.4.0/include;/usr/local/include;/var/software/spack/opt/spack/linux-rocky8-zen2/gcc-9.4.0/gcc-9.4.0-454bc6ws37ruxouizhw7fovuysktzozi/include;/var/software/spack/opt/spack/linux-rocky8-zen2/gcc-9.4.0/gcc-9.4.0-454bc6ws37ruxouizhw7fovuysktzozi/lib/gcc/x86_64-pc-linux-gnu/9.4.0/include-fixed;/usr/include]


Parsed CXX implicit link information from above output:
  link line regex: [^( *|.*[/\])(ld|CMAKE_LINK_STARTFILE-NOTFOUND|([^/\]+-)?ld|collect2)[^/\]*( |$)]
  ignore line: [Change Dir: /var/scratch/scorda/pmt/arduino/CMakeFiles/CMakeTmp]
  ignore line: []
  ignore line: [Run Build Command(s):/usr/bin/gmake -f Makefile cmTC_55c62/fast && /usr/bin/gmake  -f CMakeFiles/cmTC_55c62.dir/build.make CMakeFiles/cmTC_55c62.dir/build]
  ignore line: [gmake[1]: Entering directory '/var/scratch/scorda/pmt/arduino/CMakeFiles/CMakeTmp']
  ignore line: [Building CXX object CMakeFiles/cmTC_55c62.dir/CMakeCXXCompilerABI.cpp.o]
  ignore line: [/var/software/spack/opt/spack/linux-rocky8-zen2/gcc-9.4.0/gcc-9.4.0-454bc6ws37ruxouizhw7fovuysktzozi/bin/g++   -v -o CMakeFiles/cmTC_55c62.dir/CMakeCXXCompilerABI.cpp.o -c /var/software/spack/opt/spack/linux-rocky8-zen2/gcc-9.4.0/cmake-3.22.1-yyww3ww6d2fhdhpespavvbng4e75vpkl/share/cmake-3.22/Modules/CMakeCXXCompilerABI.cpp]
  ignore line: [Reading specs from /var/software/spack/opt/spack/linux-rocky8-zen2/gcc-9.4.0/gcc-9.4.0-454bc6ws37ruxouizhw7fovuysktzozi/lib/gcc/x86_64-pc-linux-gnu/9.4.0/specs]
  ignore line: [COLLECT_GCC=/var/software/spack/opt/spack/linux-rocky8-zen2/gcc-9.4.0/gcc-9.4.0-454bc6ws37ruxouizhw7fovuysktzozi/bin/g++]
  ignore line: [Target: x86_64-pc-linux-gnu]
  ignore line: [Configured with: /tmp/spack/spack-stage/spack-stage-gcc-9.4.0-454bc6ws37ruxouizhw7fovuysktzozi/spack-src/configure --prefix=/var/software/spack/opt/spack/linux-rocky8-zen2/gcc-9.4.0/gcc-9.4.0-454bc6ws37ruxouizhw7fovuysktzozi --with-pkgversion='Spack GCC' --with-bugurl=https://github.com/spack/spack/issues --disable-multilib --enable-languages=c c++ fortran --disable-nls --disable-canonical-system-headers --with-system-zlib --enable-bootstrap --with-mpfr-include=/var/software/spack/opt/spack/linux-rocky8-zen2/gcc-9.4.0/mpfr-3.1.6-aa2ufj75jz6bqh2abhuqivlemxkg2voo/include --with-mpfr-lib=/var/software/spack/opt/spack/linux-rocky8-zen2/gcc-9.4.0/mpfr-3.1.6-aa2ufj75jz6bqh2abhuqivlemxkg2voo/lib --with-gmp-include=/var/software/spack/opt/spack/linux-rocky8-zen2/gcc-9.4.0/gmp-6.2.1-2wavijkgkqkys5pjaau7xtq2uoumyhnb/include --with-gmp-lib=/var/software/spack/opt/spack/linux-rocky8-zen2/gcc-9.4.0/gmp-6.2.1-2wavijkgkqkys5pjaau7xtq2uoumyhnb/lib --with-mpc-include=/var/software/spack/opt/spack/linux-rocky8-zen2/gcc-9.4.0/mpc-1.1.0-bnojn4hbxwbdllzgw7qv5ozsmj7r6i5t/include --with-mpc-lib=/var/software/spack/opt/spack/linux-rocky8-zen2/gcc-9.4.0/mpc-1.1.0-bnojn4hbxwbdllzgw7qv5ozsmj7r6i5t/lib --without-isl --with-stage1-ldflags='-Wl -rpath /var/software/spack/opt/spack/linux-rocky8-zen2/gcc-9.4.0/gcc-9.4.0-454bc6ws37ruxouizhw7fovuysktzozi/lib -Wl -rpath /var/software/spack/opt/spack/linux-rocky8-zen2/gcc-9.4.0/gcc-9.4.0-454bc6ws37ruxouizhw7fovuysktzozi/lib64 -Wl -rpath /var/software/spack/opt/spack/linux-rocky8-zen2/gcc-9.4.0/gmp-6.2.1-2wavijkgkqkys5pjaau7xtq2uoumyhnb/lib -Wl -rpath /var/software/spack/opt/spack/linux-rocky8-zen2/gcc-9.4.0/mpc-1.1.0-bnojn4hbxwbdllzgw7qv5ozsmj7r6i5t/lib -Wl -rpath /var/software/spack/opt/spack/linux-rocky8-zen2/gcc-9.4.0/mpfr-3.1.6-aa2ufj75jz6bqh2abhuqivlemxkg2voo/lib -Wl -rpath /var/software/spack/opt/spack/linux-rocky8-zen2/gcc-9.4.0/zlib-1.2.12-3agt6yvzugpup6fbzrv43ew44vhwx4di/lib' --with-boot-ldflags='-Wl -rpath /var/software/spack/opt/spack/linux-rocky8-zen2/gcc-9.4.0/gcc-9.4.0-454bc6ws37ruxouizhw7fovuysktzozi/lib -Wl -rpath /var/software/spack/opt/spack/linux-rocky8-zen2/gcc-9.4.0/gcc-9.4.0-454bc6ws37ruxouizhw7fovuysktzozi/lib64 -Wl -rpath /var/software/spack/opt/spack/linux-rocky8-zen2/gcc-9.4.0/gmp-6.2.1-2wavijkgkqkys5pjaau7xtq2uoumyhnb/lib -Wl -rpath /var/software/spack/opt/spack/linux-rocky8-zen2/gcc-9.4.0/mpc-1.1.0-bnojn4hbxwbdllzgw7qv5ozsmj7r6i5t/lib -Wl -rpath /var/software/spack/opt/spack/linux-rocky8-zen2/gcc-9.4.0/mpfr-3.1.6-aa2ufj75jz6bqh2abhuqivlemxkg2voo/lib -Wl -rpath /var/software/spack/opt/spack/linux-rocky8-zen2/gcc-9.4.0/zlib-1.2.12-3agt6yvzugpup6fbzrv43ew44vhwx4di/lib -static-libstdc++ -static-libgcc']
  ignore line: [Thread model: posix]
  ignore line: [gcc version 9.4.0 (Spack GCC) ]
  ignore line: [COLLECT_GCC_OPTIONS='-v' '-o' 'CMakeFiles/cmTC_55c62.dir/CMakeCXXCompilerABI.cpp.o' '-c' '-shared-libgcc' '-mtune=generic' '-march=x86-64']
  ignore line: [ /var/software/spack/opt/spack/linux-rocky8-zen2/gcc-9.4.0/gcc-9.4.0-454bc6ws37ruxouizhw7fovuysktzozi/libexec/gcc/x86_64-pc-linux-gnu/9.4.0/cc1plus -quiet -v -D_GNU_SOURCE /var/software/spack/opt/spack/linux-rocky8-zen2/gcc-9.4.0/cmake-3.22.1-yyww3ww6d2fhdhpespavvbng4e75vpkl/share/cmake-3.22/Modules/CMakeCXXCompilerABI.cpp -quiet -dumpbase CMakeCXXCompilerABI.cpp -mtune=generic -march=x86-64 -auxbase-strip CMakeFiles/cmTC_55c62.dir/CMakeCXXCompilerABI.cpp.o -version -o /tmp/ccyXv6iM.s]
  ignore line: [GNU C++14 (Spack GCC) version 9.4.0 (x86_64-pc-linux-gnu)]
  ignore line: [	compiled by GNU C version 9.4.0  GMP version 6.2.1  MPFR version 3.1.6-p2  MPC version 1.1.0  isl version none]
  ignore line: [GGC heuristics: --param ggc-min-expand=100 --param ggc-min-heapsize=131072]
  ignore line: [ignoring nonexistent directory "/var/software/spack/opt/spack/linux-rocky8-zen2/gcc-9.4.0/gcc-9.4.0-454bc6ws37ruxouizhw7fovuysktzozi/lib/gcc/x86_64-pc-linux-gnu/9.4.0/../../../../x86_64-pc-linux-gnu/include"]
  ignore line: [#include "..." search starts here:]
  ignore line: [#include <...> search starts here:]
  ignore line: [ /var/software/spack/opt/spack/linux-rocky8-zen2/gcc-9.4.0/gcc-9.4.0-454bc6ws37ruxouizhw7fovuysktzozi/lib/gcc/x86_64-pc-linux-gnu/9.4.0/../../../../include/c++/9.4.0]
  ignore line: [ /var/software/spack/opt/spack/linux-rocky8-zen2/gcc-9.4.0/gcc-9.4.0-454bc6ws37ruxouizhw7fovuysktzozi/lib/gcc/x86_64-pc-linux-gnu/9.4.0/../../../../include/c++/9.4.0/x86_64-pc-linux-gnu]
  ignore line: [ /var/software/spack/opt/spack/linux-rocky8-zen2/gcc-9.4.0/gcc-9.4.0-454bc6ws37ruxouizhw7fovuysktzozi/lib/gcc/x86_64-pc-linux-gnu/9.4.0/../../../../include/c++/9.4.0/backward]
  ignore line: [ /var/software/spack/opt/spack/linux-rocky8-zen2/gcc-9.4.0/gcc-9.4.0-454bc6ws37ruxouizhw7fovuysktzozi/lib/gcc/x86_64-pc-linux-gnu/9.4.0/include]
  ignore line: [ /usr/local/include]
  ignore line: [ /var/software/spack/opt/spack/linux-rocky8-zen2/gcc-9.4.0/gcc-9.4.0-454bc6ws37ruxouizhw7fovuysktzozi/include]
  ignore line: [ /var/software/spack/opt/spack/linux-rocky8-zen2/gcc-9.4.0/gcc-9.4.0-454bc6ws37ruxouizhw7fovuysktzozi/lib/gcc/x86_64-pc-linux-gnu/9.4.0/include-fixed]
  ignore line: [ /usr/include]
  ignore line: [End of search list.]
  ignore line: [GNU C++14 (Spack GCC) version 9.4.0 (x86_64-pc-linux-gnu)]
  ignore line: [	compiled by GNU C version 9.4.0  GMP version 6.2.1  MPFR version 3.1.6-p2  MPC version 1.1.0  isl version none]
  ignore line: [GGC heuristics: --param ggc-min-expand=100 --param ggc-min-heapsize=131072]
  ignore line: [Compiler executable checksum: ab46812f9d33c3a0f7fb67e1487ac64a]
  ignore line: [COLLECT_GCC_OPTIONS='-v' '-o' 'CMakeFiles/cmTC_55c62.dir/CMakeCXXCompilerABI.cpp.o' '-c' '-shared-libgcc' '-mtune=generic' '-march=x86-64']
  ignore line: [ as -v --64 -o CMakeFiles/cmTC_55c62.dir/CMakeCXXCompilerABI.cpp.o /tmp/ccyXv6iM.s]
  ignore line: [GNU assembler version 2.30 (x86_64-redhat-linux) using BFD version version 2.30-113.el8]
  ignore line: [COMPILER_PATH=/var/software/spack/opt/spack/linux-rocky8-zen2/gcc-9.4.0/gcc-9.4.0-454bc6ws37ruxouizhw7fovuysktzozi/libexec/gcc/x86_64-pc-linux-gnu/9.4.0/:/var/software/spack/opt/spack/linux-rocky8-zen2/gcc-9.4.0/gcc-9.4.0-454bc6ws37ruxouizhw7fovuysktzozi/libexec/gcc/x86_64-pc-linux-gnu/9.4.0/:/var/software/spack/opt/spack/linux-rocky8-zen2/gcc-9.4.0/gcc-9.4.0-454bc6ws37ruxouizhw7fovuysktzozi/libexec/gcc/x86_64-pc-linux-gnu/:/var/software/spack/opt/spack/linux-rocky8-zen2/gcc-9.4.0/gcc-9.4.0-454bc6ws37ruxouizhw7fovuysktzozi/lib/gcc/x86_64-pc-linux-gnu/9.4.0/:/var/software/spack/opt/spack/linux-rocky8-zen2/gcc-9.4.0/gcc-9.4.0-454bc6ws37ruxouizhw7fovuysktzozi/lib/gcc/x86_64-pc-linux-gnu/]
  ignore line: [LIBRARY_PATH=/var/software/spack/opt/spack/linux-rocky8-zen2/gcc-9.4.0/gcc-9.4.0-454bc6ws37ruxouizhw7fovuysktzozi/lib/gcc/x86_64-pc-linux-gnu/9.4.0/:/var/software/spack/opt/spack/linux-rocky8-zen2/gcc-9.4.0/gcc-9.4.0-454bc6ws37ruxouizhw7fovuysktzozi/lib/gcc/x86_64-pc-linux-gnu/9.4.0/../../../../lib64/:/lib/../lib64/:/usr/lib/../lib64/:/var/software/spack/opt/spack/linux-rocky8-zen2/gcc-9.4.0/gcc-9.4.0-454bc6ws37ruxouizhw7fovuysktzozi/lib/gcc/x86_64-pc-linux-gnu/9.4.0/../../../:/lib/:/usr/lib/]
  ignore line: [COLLECT_GCC_OPTIONS='-v' '-o' 'CMakeFiles/cmTC_55c62.dir/CMakeCXXCompilerABI.cpp.o' '-c' '-shared-libgcc' '-mtune=generic' '-march=x86-64']
  ignore line: [Linking CXX executable cmTC_55c62]
  ignore line: [/var/software/spack/opt/spack/linux-rocky8-zen2/gcc-9.4.0/cmake-3.22.1-yyww3ww6d2fhdhpespavvbng4e75vpkl/bin/cmake -E cmake_link_script CMakeFiles/cmTC_55c62.dir/link.txt --verbose=1]
  ignore line: [/var/software/spack/opt/spack/linux-rocky8-zen2/gcc-9.4.0/gcc-9.4.0-454bc6ws37ruxouizhw7fovuysktzozi/bin/g++  -v -rdynamic CMakeFiles/cmTC_55c62.dir/CMakeCXXCompilerABI.cpp.o -o cmTC_55c62 ]
  ignore line: [Reading specs from /var/software/spack/opt/spack/linux-rocky8-zen2/gcc-9.4.0/gcc-9.4.0-454bc6ws37ruxouizhw7fovuysktzozi/lib/gcc/x86_64-pc-linux-gnu/9.4.0/specs]
  ignore line: [COLLECT_GCC=/var/software/spack/opt/spack/linux-rocky8-zen2/gcc-9.4.0/gcc-9.4.0-454bc6ws37ruxouizhw7fovuysktzozi/bin/g++]
  ignore line: [COLLECT_LTO_WRAPPER=/var/software/spack/opt/spack/linux-rocky8-zen2/gcc-9.4.0/gcc-9.4.0-454bc6ws37ruxouizhw7fovuysktzozi/libexec/gcc/x86_64-pc-linux-gnu/9.4.0/lto-wrapper]
  ignore line: [Target: x86_64-pc-linux-gnu]
  ignore line: [Configured with: /tmp/spack/spack-stage/spack-stage-gcc-9.4.0-454bc6ws37ruxouizhw7fovuysktzozi/spack-src/configure --prefix=/var/software/spack/opt/spack/linux-rocky8-zen2/gcc-9.4.0/gcc-9.4.0-454bc6ws37ruxouizhw7fovuysktzozi --with-pkgversion='Spack GCC' --with-bugurl=https://github.com/spack/spack/issues --disable-multilib --enable-languages=c c++ fortran --disable-nls --disable-canonical-system-headers --with-system-zlib --enable-bootstrap --with-mpfr-include=/var/software/spack/opt/spack/linux-rocky8-zen2/gcc-9.4.0/mpfr-3.1.6-aa2ufj75jz6bqh2abhuqivlemxkg2voo/include --with-mpfr-lib=/var/software/spack/opt/spack/linux-rocky8-zen2/gcc-9.4.0/mpfr-3.1.6-aa2ufj75jz6bqh2abhuqivlemxkg2voo/lib --with-gmp-include=/var/software/spack/opt/spack/linux-rocky8-zen2/gcc-9.4.0/gmp-6.2.1-2wavijkgkqkys5pjaau7xtq2uoumyhnb/include --with-gmp-lib=/var/software/spack/opt/spack/linux-rocky8-zen2/gcc-9.4.0/gmp-6.2.1-2wavijkgkqkys5pjaau7xtq2uoumyhnb/lib --with-mpc-include=/var/software/spack/opt/spack/linux-rocky8-zen2/gcc-9.4.0/mpc-1.1.0-bnojn4hbxwbdllzgw7qv5ozsmj7r6i5t/include --with-mpc-lib=/var/software/spack/opt/spack/linux-rocky8-zen2/gcc-9.4.0/mpc-1.1.0-bnojn4hbxwbdllzgw7qv5ozsmj7r6i5t/lib --without-isl --with-stage1-ldflags='-Wl -rpath /var/software/spack/opt/spack/linux-rocky8-zen2/gcc-9.4.0/gcc-9.4.0-454bc6ws37ruxouizhw7fovuysktzozi/lib -Wl -rpath /var/software/spack/opt/spack/linux-rocky8-zen2/gcc-9.4.0/gcc-9.4.0-454bc6ws37ruxouizhw7fovuysktzozi/lib64 -Wl -rpath /var/software/spack/opt/spack/linux-rocky8-zen2/gcc-9.4.0/gmp-6.2.1-2wavijkgkqkys5pjaau7xtq2uoumyhnb/lib -Wl -rpath /var/software/spack/opt/spack/linux-rocky8-zen2/gcc-9.4.0/mpc-1.1.0-bnojn4hbxwbdllzgw7qv5ozsmj7r6i5t/lib -Wl -rpath /var/software/spack/opt/spack/linux-rocky8-zen2/gcc-9.4.0/mpfr-3.1.6-aa2ufj75jz6bqh2abhuqivlemxkg2voo/lib -Wl -rpath /var/software/spack/opt/spack/linux-rocky8-zen2/gcc-9.4.0/zlib-1.2.12-3agt6yvzugpup6fbzrv43ew44vhwx4di/lib' --with-boot-ldflags='-Wl -rpath /var/software/spack/opt/spack/linux-rocky8-zen2/gcc-9.4.0/gcc-9.4.0-454bc6ws37ruxouizhw7fovuysktzozi/lib -Wl -rpath /var/software/spack/opt/spack/linux-rocky8-zen2/gcc-9.4.0/gcc-9.4.0-454bc6ws37ruxouizhw7fovuysktzozi/lib64 -Wl -rpath /var/software/spack/opt/spack/linux-rocky8-zen2/gcc-9.4.0/gmp-6.2.1-2wavijkgkqkys5pjaau7xtq2uoumyhnb/lib -Wl -rpath /var/software/spack/opt/spack/linux-rocky8-zen2/gcc-9.4.0/mpc-1.1.0-bnojn4hbxwbdllzgw7qv5ozsmj7r6i5t/lib -Wl -rpath /var/software/spack/opt/spack/linux-rocky8-zen2/gcc-9.4.0/mpfr-3.1.6-aa2ufj75jz6bqh2abhuqivlemxkg2voo/lib -Wl -rpath /var/software/spack/opt/spack/linux-rocky8-zen2/gcc-9.4.0/zlib-1.2.12-3agt6yvzugpup6fbzrv43ew44vhwx4di/lib -static-libstdc++ -static-libgcc']
  ignore line: [Thread model: posix]
  ignore line: [gcc version 9.4.0 (Spack GCC) ]
  ignore line: [COMPILER_PATH=/var/software/spack/opt/spack/linux-rocky8-zen2/gcc-9.4.0/gcc-9.4.0-454bc6ws37ruxouizhw7fovuysktzozi/libexec/gcc/x86_64-pc-linux-gnu/9.4.0/:/var/software/spack/opt/spack/linux-rocky8-zen2/gcc-9.4.0/gcc-9.4.0-454bc6ws37ruxouizhw7fovuysktzozi/libexec/gcc/x86_64-pc-linux-gnu/9.4.0/:/var/software/spack/opt/spack/linux-rocky8-zen2/gcc-9.4.0/gcc-9.4.0-454bc6ws37ruxouizhw7fovuysktzozi/libexec/gcc/x86_64-pc-linux-gnu/:/var/software/spack/opt/spack/linux-rocky8-zen2/gcc-9.4.0/gcc-9.4.0-454bc6ws37ruxouizhw7fovuysktzozi/lib/gcc/x86_64-pc-linux-gnu/9.4.0/:/var/software/spack/opt/spack/linux-rocky8-zen2/gcc-9.4.0/gcc-9.4.0-454bc6ws37ruxouizhw7fovuysktzozi/lib/gcc/x86_64-pc-linux-gnu/]
  ignore line: [LIBRARY_PATH=/var/software/spack/opt/spack/linux-rocky8-zen2/gcc-9.4.0/gcc-9.4.0-454bc6ws37ruxouizhw7fovuysktzozi/lib/gcc/x86_64-pc-linux-gnu/9.4.0/:/var/software/spack/opt/spack/linux-rocky8-zen2/gcc-9.4.0/gcc-9.4.0-454bc6ws37ruxouizhw7fovuysktzozi/lib/gcc/x86_64-pc-linux-gnu/9.4.0/../../../../lib64/:/lib/../lib64/:/usr/lib/../lib64/:/var/software/spack/opt/spack/linux-rocky8-zen2/gcc-9.4.0/gcc-9.4.0-454bc6ws37ruxouizhw7fovuysktzozi/lib/gcc/x86_64-pc-linux-gnu/9.4.0/../../../:/lib/:/usr/lib/]
  ignore line: [COLLECT_GCC_OPTIONS='-v' '-rdynamic' '-o' 'cmTC_55c62' '-shared-libgcc' '-mtune=generic' '-march=x86-64']
  link line: [ /var/software/spack/opt/spack/linux-rocky8-zen2/gcc-9.4.0/gcc-9.4.0-454bc6ws37ruxouizhw7fovuysktzozi/libexec/gcc/x86_64-pc-linux-gnu/9.4.0/collect2 -plugin /var/software/spack/opt/spack/linux-rocky8-zen2/gcc-9.4.0/gcc-9.4.0-454bc6ws37ruxouizhw7fovuysktzozi/libexec/gcc/x86_64-pc-linux-gnu/9.4.0/liblto_plugin.so -plugin-opt=/var/software/spack/opt/spack/linux-rocky8-zen2/gcc-9.4.0/gcc-9.4.0-454bc6ws37ruxouizhw7fovuysktzozi/libexec/gcc/x86_64-pc-linux-gnu/9.4.0/lto-wrapper -plugin-opt=-fresolution=/tmp/ccPTmM4s.res -plugin-opt=-pass-through=-lgcc_s -plugin-opt=-pass-through=-lgcc -plugin-opt=-pass-through=-lc -plugin-opt=-pass-through=-lgcc_s -plugin-opt=-pass-through=-lgcc --eh-frame-hdr -m elf_x86_64 -export-dynamic -dynamic-linker /lib64/ld-linux-x86-64.so.2 -o cmTC_55c62 /lib/../lib64/crt1.o /lib/../lib64/crti.o /var/software/spack/opt/spack/linux-rocky8-zen2/gcc-9.4.0/gcc-9.4.0-454bc6ws37ruxouizhw7fovuysktzozi/lib/gcc/x86_64-pc-linux-gnu/9.4.0/crtbegin.o -rpath /var/software/spack/opt/spack/linux-rocky8-zen2/gcc-9.4.0/gcc-9.4.0-454bc6ws37ruxouizhw7fovuysktzozi/lib64 -L/var/software/spack/opt/spack/linux-rocky8-zen2/gcc-9.4.0/gcc-9.4.0-454bc6ws37ruxouizhw7fovuysktzozi/lib/gcc/x86_64-pc-linux-gnu/9.4.0 -L/var/software/spack/opt/spack/linux-rocky8-zen2/gcc-9.4.0/gcc-9.4.0-454bc6ws37ruxouizhw7fovuysktzozi/lib/gcc/x86_64-pc-linux-gnu/9.4.0/../../../../lib64 -L/lib/../lib64 -L/usr/lib/../lib64 -L/var/software/spack/opt/spack/linux-rocky8-zen2/gcc-9.4.0/gcc-9.4.0-454bc6ws37ruxouizhw7fovuysktzozi/lib/gcc/x86_64-pc-linux-gnu/9.4.0/../../.. CMakeFiles/cmTC_55c62.dir/CMakeCXXCompilerABI.cpp.o -lstdc++ -lm -lgcc_s -lgcc -lc -lgcc_s -lgcc /var/software/spack/opt/spack/linux-rocky8-zen2/gcc-9.4.0/gcc-9.4.0-454bc6ws37ruxouizhw7fovuysktzozi/lib/gcc/x86_64-pc-linux-gnu/9.4.0/crtend.o /lib/../lib64/crtn.o]
    arg [/var/software/spack/opt/spack/linux-rocky8-zen2/gcc-9.4.0/gcc-9.4.0-454bc6ws37ruxouizhw7fovuysktzozi/libexec/gcc/x86_64-pc-linux-gnu/9.4.0/collect2] ==> ignore
    arg [-plugin] ==> ignore
    arg [/var/software/spack/opt/spack/linux-rocky8-zen2/gcc-9.4.0/gcc-9.4.0-454bc6ws37ruxouizhw7fovuysktzozi/libexec/gcc/x86_64-pc-linux-gnu/9.4.0/liblto_plugin.so] ==> ignore
    arg [-plugin-opt=/var/software/spack/opt/spack/linux-rocky8-zen2/gcc-9.4.0/gcc-9.4.0-454bc6ws37ruxouizhw7fovuysktzozi/libexec/gcc/x86_64-pc-linux-gnu/9.4.0/lto-wrapper] ==> ignore
    arg [-plugin-opt=-fresolution=/tmp/ccPTmM4s.res] ==> ignore
    arg [-plugin-opt=-pass-through=-lgcc_s] ==> ignore
    arg [-plugin-opt=-pass-through=-lgcc] ==> ignore
    arg [-plugin-opt=-pass-through=-lc] ==> ignore
    arg [-plugin-opt=-pass-through=-lgcc_s] ==> ignore
    arg [-plugin-opt=-pass-through=-lgcc] ==> ignore
    arg [--eh-frame-hdr] ==> ignore
    arg [-m] ==> ignore
    arg [elf_x86_64] ==> ignore
    arg [-export-dynamic] ==> ignore
    arg [-dynamic-linker] ==> ignore
    arg [/lib64/ld-linux-x86-64.so.2] ==> ignore
    arg [-o] ==> ignore
    arg [cmTC_55c62] ==> ignore
    arg [/lib/../lib64/crt1.o] ==> obj [/lib/../lib64/crt1.o]
    arg [/lib/../lib64/crti.o] ==> obj [/lib/../lib64/crti.o]
    arg [/var/software/spack/opt/spack/linux-rocky8-zen2/gcc-9.4.0/gcc-9.4.0-454bc6ws37ruxouizhw7fovuysktzozi/lib/gcc/x86_64-pc-linux-gnu/9.4.0/crtbegin.o] ==> obj [/var/software/spack/opt/spack/linux-rocky8-zen2/gcc-9.4.0/gcc-9.4.0-454bc6ws37ruxouizhw7fovuysktzozi/lib/gcc/x86_64-pc-linux-gnu/9.4.0/crtbegin.o]
    arg [-rpath] ==> ignore
    arg [/var/software/spack/opt/spack/linux-rocky8-zen2/gcc-9.4.0/gcc-9.4.0-454bc6ws37ruxouizhw7fovuysktzozi/lib64] ==> ignore
    arg [-L/var/software/spack/opt/spack/linux-rocky8-zen2/gcc-9.4.0/gcc-9.4.0-454bc6ws37ruxouizhw7fovuysktzozi/lib/gcc/x86_64-pc-linux-gnu/9.4.0] ==> dir [/var/software/spack/opt/spack/linux-rocky8-zen2/gcc-9.4.0/gcc-9.4.0-454bc6ws37ruxouizhw7fovuysktzozi/lib/gcc/x86_64-pc-linux-gnu/9.4.0]
    arg [-L/var/software/spack/opt/spack/linux-rocky8-zen2/gcc-9.4.0/gcc-9.4.0-454bc6ws37ruxouizhw7fovuysktzozi/lib/gcc/x86_64-pc-linux-gnu/9.4.0/../../../../lib64] ==> dir [/var/software/spack/opt/spack/linux-rocky8-zen2/gcc-9.4.0/gcc-9.4.0-454bc6ws37ruxouizhw7fovuysktzozi/lib/gcc/x86_64-pc-linux-gnu/9.4.0/../../../../lib64]
    arg [-L/lib/../lib64] ==> dir [/lib/../lib64]
    arg [-L/usr/lib/../lib64] ==> dir [/usr/lib/../lib64]
    arg [-L/var/software/spack/opt/spack/linux-rocky8-zen2/gcc-9.4.0/gcc-9.4.0-454bc6ws37ruxouizhw7fovuysktzozi/lib/gcc/x86_64-pc-linux-gnu/9.4.0/../../..] ==> dir [/var/software/spack/opt/spack/linux-rocky8-zen2/gcc-9.4.0/gcc-9.4.0-454bc6ws37ruxouizhw7fovuysktzozi/lib/gcc/x86_64-pc-linux-gnu/9.4.0/../../..]
    arg [CMakeFiles/cmTC_55c62.dir/CMakeCXXCompilerABI.cpp.o] ==> ignore
    arg [-lstdc++] ==> lib [stdc++]
    arg [-lm] ==> lib [m]
    arg [-lgcc_s] ==> lib [gcc_s]
    arg [-lgcc] ==> lib [gcc]
    arg [-lc] ==> lib [c]
    arg [-lgcc_s] ==> lib [gcc_s]
    arg [-lgcc] ==> lib [gcc]
    arg [/var/software/spack/opt/spack/linux-rocky8-zen2/gcc-9.4.0/gcc-9.4.0-454bc6ws37ruxouizhw7fovuysktzozi/lib/gcc/x86_64-pc-linux-gnu/9.4.0/crtend.o] ==> obj [/var/software/spack/opt/spack/linux-rocky8-zen2/gcc-9.4.0/gcc-9.4.0-454bc6ws37ruxouizhw7fovuysktzozi/lib/gcc/x86_64-pc-linux-gnu/9.4.0/crtend.o]
    arg [/lib/../lib64/crtn.o] ==> obj [/lib/../lib64/crtn.o]
  collapse obj [/lib/../lib64/crt1.o] ==> [/lib64/crt1.o]
  collapse obj [/lib/../lib64/crti.o] ==> [/lib64/crti.o]
  collapse obj [/lib/../lib64/crtn.o] ==> [/lib64/crtn.o]
  collapse library dir [/var/software/spack/opt/spack/linux-rocky8-zen2/gcc-9.4.0/gcc-9.4.0-454bc6ws37ruxouizhw7fovuysktzozi/lib/gcc/x86_64-pc-linux-gnu/9.4.0] ==> [/var/software/spack/opt/spack/linux-rocky8-zen2/gcc-9.4.0/gcc-9.4.0-454bc6ws37ruxouizhw7fovuysktzozi/lib/gcc/x86_64-pc-linux-gnu/9.4.0]
  collapse library dir [/var/software/spack/opt/spack/linux-rocky8-zen2/gcc-9.4.0/gcc-9.4.0-454bc6ws37ruxouizhw7fovuysktzozi/lib/gcc/x86_64-pc-linux-gnu/9.4.0/../../../../lib64] ==> [/var/software/spack/opt/spack/linux-rocky8-zen2/gcc-9.4.0/gcc-9.4.0-454bc6ws37ruxouizhw7fovuysktzozi/lib64]
  collapse library dir [/lib/../lib64] ==> [/lib64]
  collapse library dir [/usr/lib/../lib64] ==> [/usr/lib64]
  collapse library dir [/var/software/spack/opt/spack/linux-rocky8-zen2/gcc-9.4.0/gcc-9.4.0-454bc6ws37ruxouizhw7fovuysktzozi/lib/gcc/x86_64-pc-linux-gnu/9.4.0/../../..] ==> [/var/software/spack/opt/spack/linux-rocky8-zen2/gcc-9.4.0/gcc-9.4.0-454bc6ws37ruxouizhw7fovuysktzozi/lib]
  implicit libs: [stdc++;m;gcc_s;gcc;c;gcc_s;gcc]
  implicit objs: [/lib64/crt1.o;/lib64/crti.o;/var/software/spack/opt/spack/linux-rocky8-zen2/gcc-9.4.0/gcc-9.4.0-454bc6ws37ruxouizhw7fovuysktzozi/lib/gcc/x86_64-pc-linux-gnu/9.4.0/crtbegin.o;/var/software/spack/opt/spack/linux-rocky8-zen2/gcc-9.4.0/gcc-9.4.0-454bc6ws37ruxouizhw7fovuysktzozi/lib/gcc/x86_64-pc-linux-gnu/9.4.0/crtend.o;/lib64/crtn.o]
  implicit dirs: [/var/software/spack/opt/spack/linux-rocky8-zen2/gcc-9.4.0/gcc-9.4.0-454bc6ws37ruxouizhw7fovuysktzozi/lib/gcc/x86_64-pc-linux-gnu/9.4.0;/var/software/spack/opt/spack/linux-rocky8-zen2/gcc-9.4.0/gcc-9.4.0-454bc6ws37ruxouizhw7fovuysktzozi/lib64;/lib64;/usr/lib64;/var/software/spack/opt/spack/linux-rocky8-zen2/gcc-9.4.0/gcc-9.4.0-454bc6ws37ruxouizhw7fovuysktzozi/lib]
  implicit fwks: []


