Performing C SOURCE FILE Test CMAKE_HAVE_LIBC_PTHREAD failed with the following output:
Change Dir: /var/scratch/scorda/pmt/build/CMakeFiles/CMakeTmp

Run Build Command(s):/usr/bin/gmake -f Makefile cmTC_8a42b/fast && /usr/bin/gmake  -f CMakeFiles/cmTC_8a42b.dir/build.make CMakeFiles/cmTC_8a42b.dir/build
gmake[1]: Entering directory '/var/scratch/scorda/pmt/build/CMakeFiles/CMakeTmp'
Building C object CMakeFiles/cmTC_8a42b.dir/src.c.o
/var/software/spack/opt/spack/linux-rocky8-zen2/gcc-9.4.0/gcc-9.4.0-454bc6ws37ruxouizhw7fovuysktzozi/bin/gcc -DCMAKE_HAVE_LIBC_PTHREAD   -o CMakeFiles/cmTC_8a42b.dir/src.c.o -c /var/scratch/scorda/pmt/build/CMakeFiles/CMakeTmp/src.c
Linking C executable cmTC_8a42b
/var/scratch/scorda/spack/opt/spack/linux-rocky8-zen2/gcc-9.4.0/cmake-3.21.4-tvna4ygwgo65kj64ynmccc4b63xuipqj/bin/cmake -E cmake_link_script CMakeFiles/cmTC_8a42b.dir/link.txt --verbose=1
/var/software/spack/opt/spack/linux-rocky8-zen2/gcc-9.4.0/gcc-9.4.0-454bc6ws37ruxouizhw7fovuysktzozi/bin/gcc CMakeFiles/cmTC_8a42b.dir/src.c.o -o cmTC_8a42b 
CMakeFiles/cmTC_8a42b.dir/src.c.o: In function `main':
src.c:(.text+0x2d): undefined reference to `pthread_create'
src.c:(.text+0x39): undefined reference to `pthread_detach'
src.c:(.text+0x45): undefined reference to `pthread_cancel'
src.c:(.text+0x56): undefined reference to `pthread_join'
collect2: error: ld returned 1 exit status
gmake[1]: *** [CMakeFiles/cmTC_8a42b.dir/build.make:99: cmTC_8a42b] Error 1
gmake[1]: Leaving directory '/var/scratch/scorda/pmt/build/CMakeFiles/CMakeTmp'
gmake: *** [Makefile:127: cmTC_8a42b/fast] Error 2


Source file was:
#include <pthread.h>

static void* test_func(void* data)
{
  return data;
}

int main(void)
{
  pthread_t thread;
  pthread_create(&thread, NULL, test_func, NULL);
  pthread_detach(thread);
  pthread_cancel(thread);
  pthread_join(thread, NULL);
  pthread_atfork(NULL, NULL, NULL);
  pthread_exit(NULL);

  return 0;
}

Determining if the function pthread_create exists in the pthreads failed with the following output:
Change Dir: /var/scratch/scorda/pmt/build/CMakeFiles/CMakeTmp

Run Build Command(s):/usr/bin/gmake -f Makefile cmTC_d866e/fast && /usr/bin/gmake  -f CMakeFiles/cmTC_d866e.dir/build.make CMakeFiles/cmTC_d866e.dir/build
gmake[1]: Entering directory '/var/scratch/scorda/pmt/build/CMakeFiles/CMakeTmp'
Building C object CMakeFiles/cmTC_d866e.dir/CheckFunctionExists.c.o
/var/software/spack/opt/spack/linux-rocky8-zen2/gcc-9.4.0/gcc-9.4.0-454bc6ws37ruxouizhw7fovuysktzozi/bin/gcc   -DCHECK_FUNCTION_EXISTS=pthread_create -o CMakeFiles/cmTC_d866e.dir/CheckFunctionExists.c.o -c /var/scratch/scorda/spack/opt/spack/linux-rocky8-zen2/gcc-9.4.0/cmake-3.21.4-tvna4ygwgo65kj64ynmccc4b63xuipqj/share/cmake-3.21/Modules/CheckFunctionExists.c
Linking C executable cmTC_d866e
/var/scratch/scorda/spack/opt/spack/linux-rocky8-zen2/gcc-9.4.0/cmake-3.21.4-tvna4ygwgo65kj64ynmccc4b63xuipqj/bin/cmake -E cmake_link_script CMakeFiles/cmTC_d866e.dir/link.txt --verbose=1
/var/software/spack/opt/spack/linux-rocky8-zen2/gcc-9.4.0/gcc-9.4.0-454bc6ws37ruxouizhw7fovuysktzozi/bin/gcc  -DCHECK_FUNCTION_EXISTS=pthread_create CMakeFiles/cmTC_d866e.dir/CheckFunctionExists.c.o -o cmTC_d866e  -lpthreads 
/usr/bin/ld: cannot find -lpthreads
collect2: error: ld returned 1 exit status
gmake[1]: *** [CMakeFiles/cmTC_d866e.dir/build.make:99: cmTC_d866e] Error 1
gmake[1]: Leaving directory '/var/scratch/scorda/pmt/build/CMakeFiles/CMakeTmp'
gmake: *** [Makefile:127: cmTC_d866e/fast] Error 2



